mode: atomic
github.com/maxzerbini/go-mssqldb/bulkcopy.go:45.70,49.2 3 0
github.com/maxzerbini/go-mssqldb/bulkcopy.go:51.98,55.2 3 0
github.com/maxzerbini/go-mssqldb/bulkcopy.go:57.65,60.16 2 0
github.com/maxzerbini/go-mssqldb/bulkcopy.go:65.2,65.40 1 0
github.com/maxzerbini/go-mssqldb/bulkcopy.go:90.2,91.36 2 0
github.com/maxzerbini/go-mssqldb/bulkcopy.go:99.2,101.32 2 0
github.com/maxzerbini/go-mssqldb/bulkcopy.go:104.2,104.28 1 0
github.com/maxzerbini/go-mssqldb/bulkcopy.go:107.2,107.25 1 0
github.com/maxzerbini/go-mssqldb/bulkcopy.go:110.2,110.37 1 0
github.com/maxzerbini/go-mssqldb/bulkcopy.go:113.2,113.32 1 0
github.com/maxzerbini/go-mssqldb/bulkcopy.go:116.2,116.30 1 0
github.com/maxzerbini/go-mssqldb/bulkcopy.go:119.2,119.23 1 0
github.com/maxzerbini/go-mssqldb/bulkcopy.go:122.2,123.24 2 0
github.com/maxzerbini/go-mssqldb/bulkcopy.go:127.2,130.16 3 0
github.com/maxzerbini/go-mssqldb/bulkcopy.go:133.2,136.16 3 0
github.com/maxzerbini/go-mssqldb/bulkcopy.go:140.2,149.8 6 0
github.com/maxzerbini/go-mssqldb/bulkcopy.go:60.16,62.3 1 0
github.com/maxzerbini/go-mssqldb/bulkcopy.go:65.40,68.32 2 0
github.com/maxzerbini/go-mssqldb/bulkcopy.go:74.3,74.21 1 0
github.com/maxzerbini/go-mssqldb/bulkcopy.go:68.32,69.28 1 0
github.com/maxzerbini/go-mssqldb/bulkcopy.go:69.28,71.10 2 0
github.com/maxzerbini/go-mssqldb/bulkcopy.go:74.21,76.36 1 0
github.com/maxzerbini/go-mssqldb/bulkcopy.go:80.4,81.83 2 0
github.com/maxzerbini/go-mssqldb/bulkcopy.go:76.36,79.5 1 0
github.com/maxzerbini/go-mssqldb/bulkcopy.go:82.9,84.4 1 0
github.com/maxzerbini/go-mssqldb/bulkcopy.go:91.36,92.13 1 0
github.com/maxzerbini/go-mssqldb/bulkcopy.go:95.3,95.68 1 0
github.com/maxzerbini/go-mssqldb/bulkcopy.go:92.13,94.4 1 0
github.com/maxzerbini/go-mssqldb/bulkcopy.go:101.32,103.3 1 0
github.com/maxzerbini/go-mssqldb/bulkcopy.go:104.28,106.3 1 0
github.com/maxzerbini/go-mssqldb/bulkcopy.go:107.25,109.3 1 0
github.com/maxzerbini/go-mssqldb/bulkcopy.go:110.37,112.3 1 0
github.com/maxzerbini/go-mssqldb/bulkcopy.go:113.32,115.3 1 0
github.com/maxzerbini/go-mssqldb/bulkcopy.go:116.30,118.3 1 0
github.com/maxzerbini/go-mssqldb/bulkcopy.go:119.23,121.3 1 0
github.com/maxzerbini/go-mssqldb/bulkcopy.go:123.24,125.3 1 0
github.com/maxzerbini/go-mssqldb/bulkcopy.go:130.16,132.3 1 0
github.com/maxzerbini/go-mssqldb/bulkcopy.go:136.16,138.3 1 0
github.com/maxzerbini/go-mssqldb/bulkcopy.go:154.54,155.19 1 0
github.com/maxzerbini/go-mssqldb/bulkcopy.go:162.2,162.36 1 0
github.com/maxzerbini/go-mssqldb/bulkcopy.go:167.2,168.16 2 0
github.com/maxzerbini/go-mssqldb/bulkcopy.go:172.2,173.16 2 0
github.com/maxzerbini/go-mssqldb/bulkcopy.go:177.2,178.8 2 0
github.com/maxzerbini/go-mssqldb/bulkcopy.go:155.19,157.17 2 0
github.com/maxzerbini/go-mssqldb/bulkcopy.go:157.17,159.4 1 0
github.com/maxzerbini/go-mssqldb/bulkcopy.go:162.36,165.3 1 0
github.com/maxzerbini/go-mssqldb/bulkcopy.go:168.16,170.3 1 0
github.com/maxzerbini/go-mssqldb/bulkcopy.go:173.16,175.3 1 0
github.com/maxzerbini/go-mssqldb/bulkcopy.go:181.63,186.36 4 0
github.com/maxzerbini/go-mssqldb/bulkcopy.go:206.2,208.25 2 0
github.com/maxzerbini/go-mssqldb/bulkcopy.go:186.36,188.14 1 0
github.com/maxzerbini/go-mssqldb/bulkcopy.go:191.3,192.17 2 0
github.com/maxzerbini/go-mssqldb/bulkcopy.go:196.3,196.27 1 0
github.com/maxzerbini/go-mssqldb/bulkcopy.go:200.3,201.17 2 0
github.com/maxzerbini/go-mssqldb/bulkcopy.go:188.14,190.4 1 0
github.com/maxzerbini/go-mssqldb/bulkcopy.go:192.17,194.4 1 0
github.com/maxzerbini/go-mssqldb/bulkcopy.go:196.27,199.4 1 0
github.com/maxzerbini/go-mssqldb/bulkcopy.go:201.17,203.4 1 0
github.com/maxzerbini/go-mssqldb/bulkcopy.go:211.51,212.27 1 0
github.com/maxzerbini/go-mssqldb/bulkcopy.go:216.2,222.47 5 0
github.com/maxzerbini/go-mssqldb/bulkcopy.go:228.2,235.9 6 0
github.com/maxzerbini/go-mssqldb/bulkcopy.go:250.2,250.22 1 0
github.com/maxzerbini/go-mssqldb/bulkcopy.go:212.27,215.3 1 0
github.com/maxzerbini/go-mssqldb/bulkcopy.go:222.47,224.3 1 0
github.com/maxzerbini/go-mssqldb/bulkcopy.go:224.8,226.3 1 0
github.com/maxzerbini/go-mssqldb/bulkcopy.go:235.9,238.30 3 0
github.com/maxzerbini/go-mssqldb/bulkcopy.go:239.19,240.35 1 0
github.com/maxzerbini/go-mssqldb/bulkcopy.go:243.4,243.23 1 0
github.com/maxzerbini/go-mssqldb/bulkcopy.go:246.14,247.38 1 0
github.com/maxzerbini/go-mssqldb/bulkcopy.go:240.35,242.5 1 0
github.com/maxzerbini/go-mssqldb/bulkcopy.go:243.23,245.5 1 0
github.com/maxzerbini/go-mssqldb/bulkcopy.go:253.43,258.36 4 0
github.com/maxzerbini/go-mssqldb/bulkcopy.go:282.2,282.20 1 0
github.com/maxzerbini/go-mssqldb/bulkcopy.go:258.36,260.48 1 0
github.com/maxzerbini/go-mssqldb/bulkcopy.go:265.3,271.31 3 0
github.com/maxzerbini/go-mssqldb/bulkcopy.go:277.3,279.26 3 0
github.com/maxzerbini/go-mssqldb/bulkcopy.go:260.48,262.4 1 0
github.com/maxzerbini/go-mssqldb/bulkcopy.go:262.9,264.4 1 0
github.com/maxzerbini/go-mssqldb/bulkcopy.go:271.31,276.4 3 0
github.com/maxzerbini/go-mssqldb/bulkcopy.go:285.61,287.16 2 0
github.com/maxzerbini/go-mssqldb/bulkcopy.go:291.2,292.16 2 0
github.com/maxzerbini/go-mssqldb/bulkcopy.go:297.2,298.16 2 0
github.com/maxzerbini/go-mssqldb/bulkcopy.go:301.2,302.16 2 0
github.com/maxzerbini/go-mssqldb/bulkcopy.go:305.2,307.13 2 0
github.com/maxzerbini/go-mssqldb/bulkcopy.go:315.2,315.21 1 0
github.com/maxzerbini/go-mssqldb/bulkcopy.go:287.16,289.3 1 0
github.com/maxzerbini/go-mssqldb/bulkcopy.go:292.16,294.3 1 0
github.com/maxzerbini/go-mssqldb/bulkcopy.go:298.16,300.3 1 0
github.com/maxzerbini/go-mssqldb/bulkcopy.go:302.16,304.3 1 0
github.com/maxzerbini/go-mssqldb/bulkcopy.go:307.13,308.34 1 0
github.com/maxzerbini/go-mssqldb/bulkcopy.go:308.34,312.4 1 0
github.com/maxzerbini/go-mssqldb/bulkcopy.go:318.82,322.16 3 0
github.com/maxzerbini/go-mssqldb/bulkcopy.go:327.2,327.23 1 0
github.com/maxzerbini/go-mssqldb/bulkcopy.go:549.2,549.8 1 0
github.com/maxzerbini/go-mssqldb/bulkcopy.go:322.16,325.3 2 0
github.com/maxzerbini/go-mssqldb/bulkcopy.go:329.56,332.28 2 0
github.com/maxzerbini/go-mssqldb/bulkcopy.go:344.3,345.23 2 0
github.com/maxzerbini/go-mssqldb/bulkcopy.go:354.36,357.28 2 0
github.com/maxzerbini/go-mssqldb/bulkcopy.go:371.3,371.23 1 0
github.com/maxzerbini/go-mssqldb/bulkcopy.go:378.42,380.28 1 0
github.com/maxzerbini/go-mssqldb/bulkcopy.go:389.3,389.32 1 0
github.com/maxzerbini/go-mssqldb/bulkcopy.go:391.68,392.28 1 0
github.com/maxzerbini/go-mssqldb/bulkcopy.go:401.3,401.32 1 0
github.com/maxzerbini/go-mssqldb/bulkcopy.go:403.25,404.49 1 0
github.com/maxzerbini/go-mssqldb/bulkcopy.go:408.3,411.17 4 0
github.com/maxzerbini/go-mssqldb/bulkcopy.go:414.22,415.28 1 0
github.com/maxzerbini/go-mssqldb/bulkcopy.go:423.27,424.28 1 0
github.com/maxzerbini/go-mssqldb/bulkcopy.go:433.17,434.28 1 0
github.com/maxzerbini/go-mssqldb/bulkcopy.go:442.49,443.28 1 0
github.com/maxzerbini/go-mssqldb/bulkcopy.go:460.60,462.26 2 0
github.com/maxzerbini/go-mssqldb/bulkcopy.go:485.3,489.17 5 0
github.com/maxzerbini/go-mssqldb/bulkcopy.go:492.3,495.10 3 0
github.com/maxzerbini/go-mssqldb/bulkcopy.go:506.3,510.16 3 0
github.com/maxzerbini/go-mssqldb/bulkcopy.go:516.3,518.22 3 0
github.com/maxzerbini/go-mssqldb/bulkcopy.go:523.3,523.47 1 0
github.com/maxzerbini/go-mssqldb/bulkcopy.go:526.3,526.19 1 0
github.com/maxzerbini/go-mssqldb/bulkcopy.go:527.36,528.28 1 0
github.com/maxzerbini/go-mssqldb/bulkcopy.go:536.16,537.28 1 0
github.com/maxzerbini/go-mssqldb/bulkcopy.go:546.10,547.68 1 0
github.com/maxzerbini/go-mssqldb/bulkcopy.go:333.12,334.25 1 0
github.com/maxzerbini/go-mssqldb/bulkcopy.go:335.14,336.25 1 0
github.com/maxzerbini/go-mssqldb/bulkcopy.go:337.14,338.18 1 0
github.com/maxzerbini/go-mssqldb/bulkcopy.go:339.11,341.10 2 0
github.com/maxzerbini/go-mssqldb/bulkcopy.go:345.23,347.4 1 0
github.com/maxzerbini/go-mssqldb/bulkcopy.go:347.9,347.30 1 0
github.com/maxzerbini/go-mssqldb/bulkcopy.go:347.30,349.4 1 0
github.com/maxzerbini/go-mssqldb/bulkcopy.go:349.9,349.30 1 0
github.com/maxzerbini/go-mssqldb/bulkcopy.go:349.30,351.4 1 0
github.com/maxzerbini/go-mssqldb/bulkcopy.go:351.9,351.30 1 0
github.com/maxzerbini/go-mssqldb/bulkcopy.go:351.30,353.4 1 0
github.com/maxzerbini/go-mssqldb/bulkcopy.go:358.16,359.29 1 0
github.com/maxzerbini/go-mssqldb/bulkcopy.go:360.16,361.20 1 0
github.com/maxzerbini/go-mssqldb/bulkcopy.go:362.12,363.29 1 0
github.com/maxzerbini/go-mssqldb/bulkcopy.go:364.14,365.29 1 0
github.com/maxzerbini/go-mssqldb/bulkcopy.go:366.11,368.10 2 0
github.com/maxzerbini/go-mssqldb/bulkcopy.go:371.23,374.4 2 0
github.com/maxzerbini/go-mssqldb/bulkcopy.go:374.9,374.30 1 0
github.com/maxzerbini/go-mssqldb/bulkcopy.go:374.30,377.4 2 0
github.com/maxzerbini/go-mssqldb/bulkcopy.go:381.15,382.30 1 0
github.com/maxzerbini/go-mssqldb/bulkcopy.go:383.15,384.20 1 0
github.com/maxzerbini/go-mssqldb/bulkcopy.go:385.11,387.10 2 0
github.com/maxzerbini/go-mssqldb/bulkcopy.go:393.15,394.28 1 0
github.com/maxzerbini/go-mssqldb/bulkcopy.go:395.15,396.20 1 0
github.com/maxzerbini/go-mssqldb/bulkcopy.go:397.11,399.10 2 0
github.com/maxzerbini/go-mssqldb/bulkcopy.go:404.49,407.4 2 0
github.com/maxzerbini/go-mssqldb/bulkcopy.go:411.17,413.4 1 0
github.com/maxzerbini/go-mssqldb/bulkcopy.go:416.18,418.33 2 0
github.com/maxzerbini/go-mssqldb/bulkcopy.go:419.11,421.10 2 0
github.com/maxzerbini/go-mssqldb/bulkcopy.go:425.18,427.33 2 0
github.com/maxzerbini/go-mssqldb/bulkcopy.go:429.11,431.10 2 0
github.com/maxzerbini/go-mssqldb/bulkcopy.go:435.18,437.33 2 0
github.com/maxzerbini/go-mssqldb/bulkcopy.go:438.11,440.10 2 0
github.com/maxzerbini/go-mssqldb/bulkcopy.go:444.18,445.24 1 0
github.com/maxzerbini/go-mssqldb/bulkcopy.go:455.11,456.72 1 0
github.com/maxzerbini/go-mssqldb/bulkcopy.go:445.24,448.5 2 0
github.com/maxzerbini/go-mssqldb/bulkcopy.go:448.10,448.31 1 0
github.com/maxzerbini/go-mssqldb/bulkcopy.go:448.31,451.5 2 0
github.com/maxzerbini/go-mssqldb/bulkcopy.go:451.10,453.5 1 0
github.com/maxzerbini/go-mssqldb/bulkcopy.go:463.12,464.22 1 0
github.com/maxzerbini/go-mssqldb/bulkcopy.go:465.13,466.22 1 0
github.com/maxzerbini/go-mssqldb/bulkcopy.go:467.14,468.22 1 0
github.com/maxzerbini/go-mssqldb/bulkcopy.go:469.14,470.22 1 0
github.com/maxzerbini/go-mssqldb/bulkcopy.go:471.14,472.22 1 0
github.com/maxzerbini/go-mssqldb/bulkcopy.go:473.16,474.22 1 0
github.com/maxzerbini/go-mssqldb/bulkcopy.go:475.16,476.13 1 0
github.com/maxzerbini/go-mssqldb/bulkcopy.go:477.15,478.58 1 0
github.com/maxzerbini/go-mssqldb/bulkcopy.go:481.11,482.63 1 0
github.com/maxzerbini/go-mssqldb/bulkcopy.go:478.58,480.5 1 0
github.com/maxzerbini/go-mssqldb/bulkcopy.go:489.17,491.4 1 0
github.com/maxzerbini/go-mssqldb/bulkcopy.go:496.18,497.14 1 0
github.com/maxzerbini/go-mssqldb/bulkcopy.go:498.19,499.14 1 0
github.com/maxzerbini/go-mssqldb/bulkcopy.go:500.19,501.15 1 0
github.com/maxzerbini/go-mssqldb/bulkcopy.go:502.11,503.15 1 0
github.com/maxzerbini/go-mssqldb/bulkcopy.go:510.16,512.4 1 0
github.com/maxzerbini/go-mssqldb/bulkcopy.go:512.9,514.4 1 0
github.com/maxzerbini/go-mssqldb/bulkcopy.go:518.22,521.4 2 0
github.com/maxzerbini/go-mssqldb/bulkcopy.go:523.47,525.4 1 0
github.com/maxzerbini/go-mssqldb/bulkcopy.go:529.15,531.20 2 0
github.com/maxzerbini/go-mssqldb/bulkcopy.go:532.11,534.10 2 0
github.com/maxzerbini/go-mssqldb/bulkcopy.go:538.15,540.20 2 0
github.com/maxzerbini/go-mssqldb/bulkcopy.go:541.11,543.10 2 0
github.com/maxzerbini/go-mssqldb/bulkcopy.go:553.55,554.13 1 0
github.com/maxzerbini/go-mssqldb/bulkcopy.go:554.13,556.3 1 0
github.com/maxzerbini/go-mssqldb/token.go:95.36,97.2 1 0
github.com/maxzerbini/go-mssqldb/token.go:99.38,100.23 1 0
github.com/maxzerbini/go-mssqldb/token.go:100.23,102.3 1 0
github.com/maxzerbini/go-mssqldb/token.go:102.8,104.3 1 0
github.com/maxzerbini/go-mssqldb/token.go:119.41,121.39 2 0
github.com/maxzerbini/go-mssqldb/token.go:126.2,126.32 1 0
github.com/maxzerbini/go-mssqldb/token.go:121.39,122.22 1 0
github.com/maxzerbini/go-mssqldb/token.go:122.22,124.4 1 0
github.com/maxzerbini/go-mssqldb/token.go:131.38,134.6 3 0
github.com/maxzerbini/go-mssqldb/token.go:134.6,138.20 4 0
github.com/maxzerbini/go-mssqldb/token.go:141.3,141.17 1 0
github.com/maxzerbini/go-mssqldb/token.go:144.3,144.18 1 0
github.com/maxzerbini/go-mssqldb/token.go:138.20,140.4 1 0
github.com/maxzerbini/go-mssqldb/token.go:141.17,143.4 1 0
github.com/maxzerbini/go-mssqldb/token.go:145.23,147.18 2 0
github.com/maxzerbini/go-mssqldb/token.go:150.4,151.18 2 0
github.com/maxzerbini/go-mssqldb/token.go:154.23,157.44 1 0
github.com/maxzerbini/go-mssqldb/token.go:161.4,161.44 1 0
github.com/maxzerbini/go-mssqldb/token.go:164.22,167.44 1 0
github.com/maxzerbini/go-mssqldb/token.go:171.4,171.44 1 0
github.com/maxzerbini/go-mssqldb/token.go:174.25,176.18 2 0
github.com/maxzerbini/go-mssqldb/token.go:179.4,180.18 2 0
github.com/maxzerbini/go-mssqldb/token.go:183.4,184.18 2 0
github.com/maxzerbini/go-mssqldb/token.go:187.4,187.38 1 0
github.com/maxzerbini/go-mssqldb/token.go:188.18,191.44 1 0
github.com/maxzerbini/go-mssqldb/token.go:195.4,195.44 1 0
github.com/maxzerbini/go-mssqldb/token.go:198.21,201.44 1 0
github.com/maxzerbini/go-mssqldb/token.go:205.4,205.44 1 0
github.com/maxzerbini/go-mssqldb/token.go:208.24,212.18 3 0
github.com/maxzerbini/go-mssqldb/token.go:217.4,217.26 1 0
github.com/maxzerbini/go-mssqldb/token.go:222.4,224.18 3 0
github.com/maxzerbini/go-mssqldb/token.go:229.4,231.18 3 0
github.com/maxzerbini/go-mssqldb/token.go:236.4,236.44 1 0
github.com/maxzerbini/go-mssqldb/token.go:239.24,241.24 2 0
github.com/maxzerbini/go-mssqldb/token.go:244.4,245.18 2 0
github.com/maxzerbini/go-mssqldb/token.go:248.4,248.41 1 0
github.com/maxzerbini/go-mssqldb/token.go:251.4,252.18 2 0
github.com/maxzerbini/go-mssqldb/token.go:255.45,257.18 2 0
github.com/maxzerbini/go-mssqldb/token.go:260.4,261.18 2 0
github.com/maxzerbini/go-mssqldb/token.go:264.4,264.41 1 0
github.com/maxzerbini/go-mssqldb/token.go:271.4,271.19 1 0
github.com/maxzerbini/go-mssqldb/token.go:272.21,275.44 1 0
github.com/maxzerbini/go-mssqldb/token.go:279.4,279.44 1 0
github.com/maxzerbini/go-mssqldb/token.go:282.22,285.44 1 0
github.com/maxzerbini/go-mssqldb/token.go:289.4,289.44 1 0
github.com/maxzerbini/go-mssqldb/token.go:292.33,294.18 2 0
github.com/maxzerbini/go-mssqldb/token.go:297.4,298.18 2 0
github.com/maxzerbini/go-mssqldb/token.go:301.23,304.44 1 0
github.com/maxzerbini/go-mssqldb/token.go:309.4,309.44 1 0
github.com/maxzerbini/go-mssqldb/token.go:312.23,315.44 1 0
github.com/maxzerbini/go-mssqldb/token.go:319.4,319.44 1 0
github.com/maxzerbini/go-mssqldb/token.go:322.21,325.44 1 0
github.com/maxzerbini/go-mssqldb/token.go:329.4,329.44 1 0
github.com/maxzerbini/go-mssqldb/token.go:332.24,335.44 1 0
github.com/maxzerbini/go-mssqldb/token.go:339.4,339.44 1 0
github.com/maxzerbini/go-mssqldb/token.go:342.31,345.44 1 0
github.com/maxzerbini/go-mssqldb/token.go:349.4,349.44 1 0
github.com/maxzerbini/go-mssqldb/token.go:352.19,359.18 2 0
github.com/maxzerbini/go-mssqldb/token.go:362.4,363.35 2 0
github.com/maxzerbini/go-mssqldb/token.go:366.4,367.18 2 0
github.com/maxzerbini/go-mssqldb/token.go:370.4,371.18 2 0
github.com/maxzerbini/go-mssqldb/token.go:375.4,376.18 2 0
github.com/maxzerbini/go-mssqldb/token.go:379.4,380.29 2 0
github.com/maxzerbini/go-mssqldb/token.go:381.11,384.9 2 0
github.com/maxzerbini/go-mssqldb/token.go:147.18,149.5 1 0
github.com/maxzerbini/go-mssqldb/token.go:151.18,153.5 1 0
github.com/maxzerbini/go-mssqldb/token.go:157.44,159.5 1 0
github.com/maxzerbini/go-mssqldb/token.go:161.44,163.5 1 0
github.com/maxzerbini/go-mssqldb/token.go:167.44,169.5 1 0
github.com/maxzerbini/go-mssqldb/token.go:171.44,173.5 1 0
github.com/maxzerbini/go-mssqldb/token.go:176.18,178.5 1 0
github.com/maxzerbini/go-mssqldb/token.go:180.18,182.5 1 0
github.com/maxzerbini/go-mssqldb/token.go:184.18,186.5 1 0
github.com/maxzerbini/go-mssqldb/token.go:191.44,193.5 1 0
github.com/maxzerbini/go-mssqldb/token.go:195.44,197.5 1 0
github.com/maxzerbini/go-mssqldb/token.go:201.44,203.5 1 0
github.com/maxzerbini/go-mssqldb/token.go:205.44,207.5 1 0
github.com/maxzerbini/go-mssqldb/token.go:212.18,214.5 1 0
github.com/maxzerbini/go-mssqldb/token.go:217.26,219.5 1 0
github.com/maxzerbini/go-mssqldb/token.go:224.18,226.5 1 0
github.com/maxzerbini/go-mssqldb/token.go:231.18,233.5 1 0
github.com/maxzerbini/go-mssqldb/token.go:236.44,238.5 1 0
github.com/maxzerbini/go-mssqldb/token.go:241.24,243.5 1 0
github.com/maxzerbini/go-mssqldb/token.go:245.18,247.5 1 0
github.com/maxzerbini/go-mssqldb/token.go:248.41,250.5 1 0
github.com/maxzerbini/go-mssqldb/token.go:252.18,254.5 1 0
github.com/maxzerbini/go-mssqldb/token.go:257.18,259.5 1 0
github.com/maxzerbini/go-mssqldb/token.go:261.18,263.5 1 0
github.com/maxzerbini/go-mssqldb/token.go:264.41,265.36 1 0
github.com/maxzerbini/go-mssqldb/token.go:265.36,267.6 1 0
github.com/maxzerbini/go-mssqldb/token.go:267.11,269.6 1 0
github.com/maxzerbini/go-mssqldb/token.go:275.44,277.5 1 0
github.com/maxzerbini/go-mssqldb/token.go:279.44,281.5 1 0
github.com/maxzerbini/go-mssqldb/token.go:285.44,287.5 1 0
github.com/maxzerbini/go-mssqldb/token.go:289.44,291.5 1 0
github.com/maxzerbini/go-mssqldb/token.go:294.18,296.5 1 0
github.com/maxzerbini/go-mssqldb/token.go:298.18,300.5 1 0
github.com/maxzerbini/go-mssqldb/token.go:304.44,306.5 1 0
github.com/maxzerbini/go-mssqldb/token.go:309.44,311.5 1 0
github.com/maxzerbini/go-mssqldb/token.go:315.44,317.5 1 0
github.com/maxzerbini/go-mssqldb/token.go:319.44,321.5 1 0
github.com/maxzerbini/go-mssqldb/token.go:325.44,327.5 1 0
github.com/maxzerbini/go-mssqldb/token.go:329.44,331.5 1 0
github.com/maxzerbini/go-mssqldb/token.go:335.44,337.5 1 0
github.com/maxzerbini/go-mssqldb/token.go:339.44,341.5 1 0
github.com/maxzerbini/go-mssqldb/token.go:345.44,347.5 1 0
github.com/maxzerbini/go-mssqldb/token.go:349.44,351.5 1 0
github.com/maxzerbini/go-mssqldb/token.go:359.18,361.5 1 0
github.com/maxzerbini/go-mssqldb/token.go:363.35,365.5 1 0
github.com/maxzerbini/go-mssqldb/token.go:367.18,369.5 1 0
github.com/maxzerbini/go-mssqldb/token.go:371.18,373.5 1 0
github.com/maxzerbini/go-mssqldb/token.go:376.18,378.5 1 0
github.com/maxzerbini/go-mssqldb/token.go:391.51,393.2 1 0
github.com/maxzerbini/go-mssqldb/token.go:395.49,398.29 3 0
github.com/maxzerbini/go-mssqldb/token.go:401.2,401.12 1 0
github.com/maxzerbini/go-mssqldb/token.go:398.29,400.3 1 0
github.com/maxzerbini/go-mssqldb/token.go:405.47,410.2 4 0
github.com/maxzerbini/go-mssqldb/token.go:413.59,418.2 4 0
github.com/maxzerbini/go-mssqldb/token.go:422.41,427.2 4 0
github.com/maxzerbini/go-mssqldb/token.go:436.49,445.80 9 0
github.com/maxzerbini/go-mssqldb/token.go:448.2,449.12 2 0
github.com/maxzerbini/go-mssqldb/token.go:445.80,447.3 1 0
github.com/maxzerbini/go-mssqldb/token.go:453.64,455.21 2 0
github.com/maxzerbini/go-mssqldb/token.go:459.2,460.25 2 0
github.com/maxzerbini/go-mssqldb/token.go:469.2,469.16 1 0
github.com/maxzerbini/go-mssqldb/token.go:455.21,458.3 1 0
github.com/maxzerbini/go-mssqldb/token.go:460.25,468.3 5 0
github.com/maxzerbini/go-mssqldb/token.go:473.72,474.33 1 0
github.com/maxzerbini/go-mssqldb/token.go:474.33,476.3 1 0
github.com/maxzerbini/go-mssqldb/token.go:480.75,484.30 4 0
github.com/maxzerbini/go-mssqldb/token.go:484.30,485.38 1 0
github.com/maxzerbini/go-mssqldb/token.go:489.3,489.37 1 0
github.com/maxzerbini/go-mssqldb/token.go:485.38,487.12 2 0
github.com/maxzerbini/go-mssqldb/token.go:494.45,505.2 10 0
github.com/maxzerbini/go-mssqldb/token.go:508.42,519.2 10 0
github.com/maxzerbini/go-mssqldb/token.go:522.53,541.2 8 0
github.com/maxzerbini/go-mssqldb/token.go:543.111,544.15 1 0
github.com/maxzerbini/go-mssqldb/token.go:554.2,555.16 2 0
github.com/maxzerbini/go-mssqldb/token.go:562.2,562.30 1 0
github.com/maxzerbini/go-mssqldb/token.go:565.2,567.6 3 0
github.com/maxzerbini/go-mssqldb/token.go:544.15,545.35 1 0
github.com/maxzerbini/go-mssqldb/token.go:551.3,551.19 1 0
github.com/maxzerbini/go-mssqldb/token.go:545.35,550.4 2 0
github.com/maxzerbini/go-mssqldb/token.go:555.16,556.35 1 0
github.com/maxzerbini/go-mssqldb/token.go:559.3,560.9 2 0
github.com/maxzerbini/go-mssqldb/token.go:556.35,558.4 1 0
github.com/maxzerbini/go-mssqldb/token.go:562.30,564.3 1 0
github.com/maxzerbini/go-mssqldb/token.go:567.6,569.34 2 0
github.com/maxzerbini/go-mssqldb/token.go:572.3,572.16 1 0
github.com/maxzerbini/go-mssqldb/token.go:569.34,571.4 1 0
github.com/maxzerbini/go-mssqldb/token.go:573.18,575.10 2 0
github.com/maxzerbini/go-mssqldb/token.go:576.26,578.30 2 0
github.com/maxzerbini/go-mssqldb/token.go:579.22,581.26 2 0
github.com/maxzerbini/go-mssqldb/token.go:582.19,584.23 2 0
github.com/maxzerbini/go-mssqldb/token.go:585.24,587.64 2 0
github.com/maxzerbini/go-mssqldb/token.go:590.4,590.22 1 0
github.com/maxzerbini/go-mssqldb/token.go:591.33,594.35 3 0
github.com/maxzerbini/go-mssqldb/token.go:597.4,597.37 1 0
github.com/maxzerbini/go-mssqldb/token.go:601.4,601.64 1 0
github.com/maxzerbini/go-mssqldb/token.go:604.4,605.33 2 0
github.com/maxzerbini/go-mssqldb/token.go:608.25,610.25 2 0
github.com/maxzerbini/go-mssqldb/token.go:611.17,614.21 3 0
github.com/maxzerbini/go-mssqldb/token.go:615.20,618.21 3 0
github.com/maxzerbini/go-mssqldb/token.go:619.23,620.23 1 0
github.com/maxzerbini/go-mssqldb/token.go:621.19,623.35 2 0
github.com/maxzerbini/go-mssqldb/token.go:626.4,627.36 2 0
github.com/maxzerbini/go-mssqldb/token.go:630.18,632.35 2 0
github.com/maxzerbini/go-mssqldb/token.go:635.4,635.38 1 0
github.com/maxzerbini/go-mssqldb/token.go:638.25,640.24 2 0
github.com/maxzerbini/go-mssqldb/token.go:650.11,651.72 1 0
github.com/maxzerbini/go-mssqldb/token.go:587.64,589.5 1 0
github.com/maxzerbini/go-mssqldb/token.go:594.35,596.5 1 0
github.com/maxzerbini/go-mssqldb/token.go:597.37,600.5 2 0
github.com/maxzerbini/go-mssqldb/token.go:601.64,603.5 1 0
github.com/maxzerbini/go-mssqldb/token.go:605.33,607.5 1 0
github.com/maxzerbini/go-mssqldb/token.go:623.35,625.5 1 0
github.com/maxzerbini/go-mssqldb/token.go:627.36,629.5 1 0
github.com/maxzerbini/go-mssqldb/token.go:632.35,634.5 1 0
github.com/maxzerbini/go-mssqldb/token.go:635.38,637.5 1 0
github.com/maxzerbini/go-mssqldb/token.go:640.24,642.35 2 0
github.com/maxzerbini/go-mssqldb/token.go:642.35,644.20 2 0
github.com/maxzerbini/go-mssqldb/token.go:644.20,647.7 2 0
github.com/maxzerbini/go-mssqldb/token.go:679.80,680.51 1 0
github.com/maxzerbini/go-mssqldb/token.go:685.2,686.30 2 0
github.com/maxzerbini/go-mssqldb/token.go:680.51,684.3 3 0
github.com/maxzerbini/go-mssqldb/token.go:689.39,690.36 1 0
github.com/maxzerbini/go-mssqldb/token.go:690.36,692.3 1 0
github.com/maxzerbini/go-mssqldb/token.go:694.56,695.36 1 0
github.com/maxzerbini/go-mssqldb/token.go:695.36,697.3 1 0
github.com/maxzerbini/go-mssqldb/token.go:700.113,701.9 1 0
github.com/maxzerbini/go-mssqldb/token.go:702.18,703.9 1 0
github.com/maxzerbini/go-mssqldb/token.go:704.20,706.9 2 0
github.com/maxzerbini/go-mssqldb/token.go:710.128,711.18 1 0
github.com/maxzerbini/go-mssqldb/token.go:712.10,713.25 1 0
github.com/maxzerbini/go-mssqldb/token.go:714.28,716.10 2 0
github.com/maxzerbini/go-mssqldb/token.go:721.3,721.43 1 0
github.com/maxzerbini/go-mssqldb/token.go:726.3,726.54 1 0
github.com/maxzerbini/go-mssqldb/token.go:733.3,735.31 2 0
github.com/maxzerbini/go-mssqldb/token.go:737.28,739.10 2 0
github.com/maxzerbini/go-mssqldb/token.go:744.3,744.28 1 0
github.com/maxzerbini/go-mssqldb/token.go:773.3,773.31 1 0
github.com/maxzerbini/go-mssqldb/token.go:774.29,775.35 1 0
github.com/maxzerbini/go-mssqldb/token.go:781.3,781.31 1 0
github.com/maxzerbini/go-mssqldb/token.go:716.10,720.4 2 0
github.com/maxzerbini/go-mssqldb/token.go:721.43,725.4 3 0
github.com/maxzerbini/go-mssqldb/token.go:726.54,731.4 3 0
github.com/maxzerbini/go-mssqldb/token.go:739.10,743.4 2 0
github.com/maxzerbini/go-mssqldb/token.go:745.20,748.31 3 0
github.com/maxzerbini/go-mssqldb/token.go:749.11,749.11 0 0
github.com/maxzerbini/go-mssqldb/token.go:754.19,755.32 1 0
github.com/maxzerbini/go-mssqldb/token.go:768.14,770.36 2 0
github.com/maxzerbini/go-mssqldb/token.go:755.32,757.30 2 0
github.com/maxzerbini/go-mssqldb/token.go:764.5,764.29 1 0
github.com/maxzerbini/go-mssqldb/token.go:757.30,760.6 2 0
github.com/maxzerbini/go-mssqldb/token.go:760.11,762.6 1 0
github.com/maxzerbini/go-mssqldb/token.go:775.35,779.4 2 0
github.com/maxzerbini/go-mssqldb/token.go:785.120,790.15 2 0
github.com/maxzerbini/go-mssqldb/token.go:801.2,801.6 1 0
github.com/maxzerbini/go-mssqldb/token.go:790.15,793.28 1 0
github.com/maxzerbini/go-mssqldb/token.go:797.3,797.13 1 0
github.com/maxzerbini/go-mssqldb/token.go:793.28,796.4 2 0
github.com/maxzerbini/go-mssqldb/token.go:801.6,811.7 6 0
github.com/maxzerbini/go-mssqldb/token.go:821.3,821.19 1 0
github.com/maxzerbini/go-mssqldb/token.go:811.7,812.38 1 0
github.com/maxzerbini/go-mssqldb/token.go:813.31,813.31 0 0
github.com/maxzerbini/go-mssqldb/token.go:815.27,816.21 1 0
github.com/maxzerbini/go-mssqldb/token.go:817.27,818.11 1 0
github.com/maxzerbini/go-mssqldb/tokenqueue.go:14.46,18.2 3 0
github.com/maxzerbini/go-mssqldb/tokenqueue.go:21.51,23.2 1 0
github.com/maxzerbini/go-mssqldb/tokenqueue.go:26.50,30.2 3 0
github.com/maxzerbini/go-mssqldb/tokenqueue.go:33.43,35.2 1 0
github.com/maxzerbini/go-mssqldb/tokenqueue.go:38.39,40.2 1 0
github.com/maxzerbini/go-mssqldb/tokenqueue.go:53.62,57.2 3 0
github.com/maxzerbini/go-mssqldb/tokenqueue.go:60.65,61.15 1 0
github.com/maxzerbini/go-mssqldb/tokenqueue.go:64.2,65.15 2 0
github.com/maxzerbini/go-mssqldb/tokenqueue.go:69.2,75.13 4 0
github.com/maxzerbini/go-mssqldb/tokenqueue.go:61.15,63.3 1 0
github.com/maxzerbini/go-mssqldb/tokenqueue.go:65.15,68.3 2 0
github.com/maxzerbini/go-mssqldb/tokenqueue.go:79.63,80.39 1 0
github.com/maxzerbini/go-mssqldb/tokenqueue.go:83.2,84.8 2 0
github.com/maxzerbini/go-mssqldb/tokenqueue.go:87.2,87.17 1 0
github.com/maxzerbini/go-mssqldb/tokenqueue.go:96.2,96.19 1 0
github.com/maxzerbini/go-mssqldb/tokenqueue.go:80.39,82.3 1 0
github.com/maxzerbini/go-mssqldb/tokenqueue.go:84.8,86.3 1 0
github.com/maxzerbini/go-mssqldb/tokenqueue.go:87.17,92.9 5 0
github.com/maxzerbini/go-mssqldb/tokenqueue.go:92.9,94.4 1 0
github.com/maxzerbini/go-mssqldb/tokenqueue.go:100.48,104.2 3 0
github.com/maxzerbini/go-mssqldb/tokenqueue.go:108.51,109.15 1 0
github.com/maxzerbini/go-mssqldb/tokenqueue.go:112.2,114.12 3 0
github.com/maxzerbini/go-mssqldb/tokenqueue.go:109.15,111.3 1 0
github.com/maxzerbini/go-mssqldb/tokenqueue.go:117.70,125.25 3 0
github.com/maxzerbini/go-mssqldb/tokenqueue.go:129.2,129.19 1 0
github.com/maxzerbini/go-mssqldb/tokenqueue.go:125.25,128.3 2 0
github.com/maxzerbini/go-mssqldb/uniqueidentifier.go:12.54,13.28 1 2
github.com/maxzerbini/go-mssqldb/uniqueidentifier.go:19.2,19.24 1 2
github.com/maxzerbini/go-mssqldb/uniqueidentifier.go:13.28,14.51 1 3
github.com/maxzerbini/go-mssqldb/uniqueidentifier.go:14.51,16.4 1 4
github.com/maxzerbini/go-mssqldb/uniqueidentifier.go:20.14,21.20 1 1
github.com/maxzerbini/go-mssqldb/uniqueidentifier.go:25.3,34.13 7 1
github.com/maxzerbini/go-mssqldb/uniqueidentifier.go:35.14,36.20 1 1
github.com/maxzerbini/go-mssqldb/uniqueidentifier.go:40.3,41.23 2 1
github.com/maxzerbini/go-mssqldb/uniqueidentifier.go:48.3,49.13 2 1
github.com/maxzerbini/go-mssqldb/uniqueidentifier.go:50.10,51.71 1 0
github.com/maxzerbini/go-mssqldb/uniqueidentifier.go:21.20,23.4 1 0
github.com/maxzerbini/go-mssqldb/uniqueidentifier.go:36.20,38.4 1 0
github.com/maxzerbini/go-mssqldb/uniqueidentifier.go:41.23,42.13 1 36
github.com/maxzerbini/go-mssqldb/uniqueidentifier.go:43.13,44.34 1 4
github.com/maxzerbini/go-mssqldb/uniqueidentifier.go:55.57,56.28 1 1
github.com/maxzerbini/go-mssqldb/uniqueidentifier.go:62.2,69.17 6 1
github.com/maxzerbini/go-mssqldb/uniqueidentifier.go:56.28,57.51 1 3
github.com/maxzerbini/go-mssqldb/uniqueidentifier.go:57.51,59.4 1 4
github.com/maxzerbini/go-mssqldb/uniqueidentifier.go:72.43,74.2 1 2
github.com/maxzerbini/go-mssqldb/sspi_windows.go:16.13,19.2 2 1
github.com/maxzerbini/go-mssqldb/sspi_windows.go:116.72,117.16 1 0
github.com/maxzerbini/go-mssqldb/sspi_windows.go:120.2,120.39 1 0
github.com/maxzerbini/go-mssqldb/sspi_windows.go:123.2,129.9 2 0
github.com/maxzerbini/go-mssqldb/sspi_windows.go:117.16,119.3 1 0
github.com/maxzerbini/go-mssqldb/sspi_windows.go:120.39,122.3 1 0
github.com/maxzerbini/go-mssqldb/sspi_windows.go:132.54,134.25 2 0
github.com/maxzerbini/go-mssqldb/sspi_windows.go:145.2,157.24 3 0
github.com/maxzerbini/go-mssqldb/sspi_windows.go:161.2,188.35 12 0
github.com/maxzerbini/go-mssqldb/sspi_windows.go:202.2,202.35 1 0
github.com/maxzerbini/go-mssqldb/sspi_windows.go:134.25,144.3 1 0
github.com/maxzerbini/go-mssqldb/sspi_windows.go:157.24,159.3 1 0
github.com/maxzerbini/go-mssqldb/sspi_windows.go:188.35,194.3 1 0
github.com/maxzerbini/go-mssqldb/sspi_windows.go:194.8,195.35 1 0
github.com/maxzerbini/go-mssqldb/sspi_windows.go:195.35,201.3 2 0
github.com/maxzerbini/go-mssqldb/sspi_windows.go:205.63,243.35 19 0
github.com/maxzerbini/go-mssqldb/sspi_windows.go:254.2,254.39 1 0
github.com/maxzerbini/go-mssqldb/sspi_windows.go:243.35,249.3 1 0
github.com/maxzerbini/go-mssqldb/sspi_windows.go:249.8,250.35 1 0
github.com/maxzerbini/go-mssqldb/sspi_windows.go:250.35,252.3 1 0
github.com/maxzerbini/go-mssqldb/sspi_windows.go:257.30,266.2 2 0
github.com/maxzerbini/go-mssqldb/token_string.go:29.32,30.9 1 0
github.com/maxzerbini/go-mssqldb/token_string.go:31.16,32.23 1 0
github.com/maxzerbini/go-mssqldb/token_string.go:33.16,34.23 1 0
github.com/maxzerbini/go-mssqldb/token_string.go:35.28,37.62 2 0
github.com/maxzerbini/go-mssqldb/token_string.go:38.16,39.23 1 0
github.com/maxzerbini/go-mssqldb/token_string.go:40.28,42.62 2 0
github.com/maxzerbini/go-mssqldb/token_string.go:43.16,44.23 1 0
github.com/maxzerbini/go-mssqldb/token_string.go:45.16,46.23 1 0
github.com/maxzerbini/go-mssqldb/token_string.go:47.28,49.62 2 0
github.com/maxzerbini/go-mssqldb/token_string.go:50.10,51.37 1 0
github.com/maxzerbini/go-mssqldb/tvp_go19.go:39.30,40.28 1 15
github.com/maxzerbini/go-mssqldb/tvp_go19.go:43.2,43.27 1 14
github.com/maxzerbini/go-mssqldb/tvp_go19.go:46.2,46.67 1 13
github.com/maxzerbini/go-mssqldb/tvp_go19.go:49.2,50.37 2 12
github.com/maxzerbini/go-mssqldb/tvp_go19.go:53.2,53.21 1 8
github.com/maxzerbini/go-mssqldb/tvp_go19.go:56.2,56.63 1 7
github.com/maxzerbini/go-mssqldb/tvp_go19.go:59.2,59.12 1 6
github.com/maxzerbini/go-mssqldb/tvp_go19.go:40.28,42.3 1 1
github.com/maxzerbini/go-mssqldb/tvp_go19.go:43.27,45.3 1 1
github.com/maxzerbini/go-mssqldb/tvp_go19.go:46.67,48.3 1 1
github.com/maxzerbini/go-mssqldb/tvp_go19.go:50.37,52.3 1 4
github.com/maxzerbini/go-mssqldb/tvp_go19.go:53.21,55.3 1 1
github.com/maxzerbini/go-mssqldb/tvp_go19.go:56.63,58.3 1 1
github.com/maxzerbini/go-mssqldb/tvp_go19.go:62.109,63.44 1 4
github.com/maxzerbini/go-mssqldb/tvp_go19.go:66.2,69.16 4 1
github.com/maxzerbini/go-mssqldb/tvp_go19.go:73.2,77.35 4 1
github.com/maxzerbini/go-mssqldb/tvp_go19.go:84.2,94.33 7 0
github.com/maxzerbini/go-mssqldb/tvp_go19.go:128.2,129.25 2 0
github.com/maxzerbini/go-mssqldb/tvp_go19.go:63.44,65.3 1 3
github.com/maxzerbini/go-mssqldb/tvp_go19.go:69.16,71.3 1 0
github.com/maxzerbini/go-mssqldb/tvp_go19.go:77.35,82.3 4 0
github.com/maxzerbini/go-mssqldb/tvp_go19.go:94.33,97.55 3 0
github.com/maxzerbini/go-mssqldb/tvp_go19.go:97.55,102.48 5 0
github.com/maxzerbini/go-mssqldb/tvp_go19.go:112.4,112.50 1 0
github.com/maxzerbini/go-mssqldb/tvp_go19.go:117.4,118.18 2 0
github.com/maxzerbini/go-mssqldb/tvp_go19.go:121.4,122.18 2 0
github.com/maxzerbini/go-mssqldb/tvp_go19.go:125.4,125.66 1 0
github.com/maxzerbini/go-mssqldb/tvp_go19.go:102.48,103.26 1 0
github.com/maxzerbini/go-mssqldb/tvp_go19.go:104.85,106.14 2 0
github.com/maxzerbini/go-mssqldb/tvp_go19.go:107.13,109.14 2 0
github.com/maxzerbini/go-mssqldb/tvp_go19.go:112.50,114.13 2 0
github.com/maxzerbini/go-mssqldb/tvp_go19.go:118.18,120.5 1 0
github.com/maxzerbini/go-mssqldb/tvp_go19.go:122.18,124.5 1 0
github.com/maxzerbini/go-mssqldb/tvp_go19.go:132.61,135.20 3 8
github.com/maxzerbini/go-mssqldb/tvp_go19.go:141.2,145.35 5 8
github.com/maxzerbini/go-mssqldb/tvp_go19.go:161.2,161.53 1 8
github.com/maxzerbini/go-mssqldb/tvp_go19.go:165.2,173.40 6 6
github.com/maxzerbini/go-mssqldb/tvp_go19.go:192.2,192.50 1 3
github.com/maxzerbini/go-mssqldb/tvp_go19.go:135.20,137.3 1 2
github.com/maxzerbini/go-mssqldb/tvp_go19.go:137.8,139.3 1 6
github.com/maxzerbini/go-mssqldb/tvp_go19.go:145.35,149.66 4 15
github.com/maxzerbini/go-mssqldb/tvp_go19.go:152.3,153.39 2 11
github.com/maxzerbini/go-mssqldb/tvp_go19.go:158.3,158.78 1 9
github.com/maxzerbini/go-mssqldb/tvp_go19.go:149.66,150.12 1 4
github.com/maxzerbini/go-mssqldb/tvp_go19.go:153.39,156.12 3 2
github.com/maxzerbini/go-mssqldb/tvp_go19.go:161.53,163.3 1 2
github.com/maxzerbini/go-mssqldb/tvp_go19.go:173.40,175.17 2 11
github.com/maxzerbini/go-mssqldb/tvp_go19.go:178.3,179.17 2 8
github.com/maxzerbini/go-mssqldb/tvp_go19.go:182.3,185.26 2 8
github.com/maxzerbini/go-mssqldb/tvp_go19.go:189.3,189.60 1 8
github.com/maxzerbini/go-mssqldb/tvp_go19.go:175.17,177.4 1 3
github.com/maxzerbini/go-mssqldb/tvp_go19.go:179.17,181.4 1 0
github.com/maxzerbini/go-mssqldb/tvp_go19.go:186.36,187.22 1 3
github.com/maxzerbini/go-mssqldb/tvp_go19.go:195.102,196.36 1 24
github.com/maxzerbini/go-mssqldb/tvp_go19.go:203.2,203.13 1 8
github.com/maxzerbini/go-mssqldb/tvp_go19.go:196.36,198.3 1 6
github.com/maxzerbini/go-mssqldb/tvp_go19.go:198.8,198.54 1 18
github.com/maxzerbini/go-mssqldb/tvp_go19.go:198.54,200.3 1 7
github.com/maxzerbini/go-mssqldb/tvp_go19.go:200.8,200.74 1 11
github.com/maxzerbini/go-mssqldb/tvp_go19.go:200.74,202.3 1 3
github.com/maxzerbini/go-mssqldb/tvp_go19.go:206.63,207.23 1 6
github.com/maxzerbini/go-mssqldb/tvp_go19.go:210.2,211.23 2 5
github.com/maxzerbini/go-mssqldb/tvp_go19.go:214.2,214.24 1 4
github.com/maxzerbini/go-mssqldb/tvp_go19.go:223.2,226.21 3 2
github.com/maxzerbini/go-mssqldb/tvp_go19.go:207.23,209.3 1 1
github.com/maxzerbini/go-mssqldb/tvp_go19.go:211.23,213.3 1 1
github.com/maxzerbini/go-mssqldb/tvp_go19.go:214.24,216.36 2 2
github.com/maxzerbini/go-mssqldb/tvp_go19.go:221.3,221.29 1 2
github.com/maxzerbini/go-mssqldb/tvp_go19.go:216.36,220.4 3 4
github.com/maxzerbini/go-mssqldb/tvp_go19.go:229.44,231.2 1 13
github.com/maxzerbini/go-mssqldb/types.go:115.48,117.20 2 0
github.com/maxzerbini/go-mssqldb/types.go:138.2,138.8 1 0
github.com/maxzerbini/go-mssqldb/types.go:119.69,121.21 1 0
github.com/maxzerbini/go-mssqldb/types.go:133.3,134.38 2 0
github.com/maxzerbini/go-mssqldb/types.go:135.10,136.22 1 0
github.com/maxzerbini/go-mssqldb/types.go:122.17,123.16 1 0
github.com/maxzerbini/go-mssqldb/types.go:124.26,125.16 1 0
github.com/maxzerbini/go-mssqldb/types.go:126.17,127.16 1 0
github.com/maxzerbini/go-mssqldb/types.go:128.53,129.16 1 0
github.com/maxzerbini/go-mssqldb/types.go:130.52,131.16 1 0
github.com/maxzerbini/go-mssqldb/types.go:142.59,144.16 2 0
github.com/maxzerbini/go-mssqldb/types.go:147.2,147.19 1 0
github.com/maxzerbini/go-mssqldb/types.go:161.2,161.8 1 0
github.com/maxzerbini/go-mssqldb/types.go:144.16,146.3 1 0
github.com/maxzerbini/go-mssqldb/types.go:149.69,152.29 1 0
github.com/maxzerbini/go-mssqldb/types.go:153.15,154.29 1 0
github.com/maxzerbini/go-mssqldb/types.go:155.10,157.17 2 0
github.com/maxzerbini/go-mssqldb/types.go:157.17,159.4 1 0
github.com/maxzerbini/go-mssqldb/types.go:164.71,167.2 2 0
github.com/maxzerbini/go-mssqldb/types.go:170.57,171.19 1 0
github.com/maxzerbini/go-mssqldb/types.go:249.2,249.8 1 0
github.com/maxzerbini/go-mssqldb/types.go:173.17,174.31 1 0
github.com/maxzerbini/go-mssqldb/types.go:175.54,176.71 1 0
github.com/maxzerbini/go-mssqldb/types.go:179.3,179.31 1 0
github.com/maxzerbini/go-mssqldb/types.go:183.42,186.21 1 0
github.com/maxzerbini/go-mssqldb/types.go:189.3,189.77 1 0
github.com/maxzerbini/go-mssqldb/types.go:192.3,192.20 1 0
github.com/maxzerbini/go-mssqldb/types.go:203.3,203.31 1 0
github.com/maxzerbini/go-mssqldb/types.go:204.16,205.44 1 0
github.com/maxzerbini/go-mssqldb/types.go:208.3,208.77 1 0
github.com/maxzerbini/go-mssqldb/types.go:211.3,211.31 1 0
github.com/maxzerbini/go-mssqldb/types.go:213.45,216.37 1 0
github.com/maxzerbini/go-mssqldb/types.go:227.3,227.20 1 0
github.com/maxzerbini/go-mssqldb/types.go:237.51,239.78 1 0
github.com/maxzerbini/go-mssqldb/types.go:242.3,242.56 1 0
github.com/maxzerbini/go-mssqldb/types.go:245.3,245.31 1 0
github.com/maxzerbini/go-mssqldb/types.go:246.10,247.24 1 0
github.com/maxzerbini/go-mssqldb/types.go:176.71,178.4 1 0
github.com/maxzerbini/go-mssqldb/types.go:186.21,187.42 1 0
github.com/maxzerbini/go-mssqldb/types.go:189.77,191.4 1 0
github.com/maxzerbini/go-mssqldb/types.go:193.61,195.18 2 0
github.com/maxzerbini/go-mssqldb/types.go:198.4,199.18 2 0
github.com/maxzerbini/go-mssqldb/types.go:195.18,197.5 1 0
github.com/maxzerbini/go-mssqldb/types.go:199.18,201.5 1 0
github.com/maxzerbini/go-mssqldb/types.go:205.44,206.42 1 0
github.com/maxzerbini/go-mssqldb/types.go:208.77,210.4 1 0
github.com/maxzerbini/go-mssqldb/types.go:216.37,217.78 1 0
github.com/maxzerbini/go-mssqldb/types.go:220.4,220.28 1 0
github.com/maxzerbini/go-mssqldb/types.go:217.78,219.5 1 0
github.com/maxzerbini/go-mssqldb/types.go:221.9,222.79 1 0
github.com/maxzerbini/go-mssqldb/types.go:225.4,225.33 1 0
github.com/maxzerbini/go-mssqldb/types.go:222.79,224.5 1 0
github.com/maxzerbini/go-mssqldb/types.go:228.61,229.57 1 0
github.com/maxzerbini/go-mssqldb/types.go:232.16,233.88 1 0
github.com/maxzerbini/go-mssqldb/types.go:229.57,231.5 1 0
github.com/maxzerbini/go-mssqldb/types.go:233.88,235.5 1 0
github.com/maxzerbini/go-mssqldb/types.go:239.78,241.4 1 0
github.com/maxzerbini/go-mssqldb/types.go:242.56,244.4 1 0
github.com/maxzerbini/go-mssqldb/types.go:253.43,258.2 3 0
github.com/maxzerbini/go-mssqldb/types.go:260.49,267.14 6 0
github.com/maxzerbini/go-mssqldb/types.go:272.2,274.8 3 0
github.com/maxzerbini/go-mssqldb/types.go:267.14,270.3 2 0
github.com/maxzerbini/go-mssqldb/types.go:279.47,288.20 6 0
github.com/maxzerbini/go-mssqldb/types.go:292.2,292.20 1 0
github.com/maxzerbini/go-mssqldb/types.go:296.2,299.8 4 0
github.com/maxzerbini/go-mssqldb/types.go:288.20,291.3 2 0
github.com/maxzerbini/go-mssqldb/types.go:292.20,295.3 2 0
github.com/maxzerbini/go-mssqldb/types.go:302.43,309.2 5 0
github.com/maxzerbini/go-mssqldb/types.go:311.60,314.19 3 0
github.com/maxzerbini/go-mssqldb/types.go:342.2,342.29 1 0
github.com/maxzerbini/go-mssqldb/types.go:315.16,316.13 1 0
github.com/maxzerbini/go-mssqldb/types.go:317.16,318.23 1 0
github.com/maxzerbini/go-mssqldb/types.go:319.15,320.21 1 0
github.com/maxzerbini/go-mssqldb/types.go:321.16,322.55 1 0
github.com/maxzerbini/go-mssqldb/types.go:323.16,324.55 1 0
github.com/maxzerbini/go-mssqldb/types.go:325.20,326.29 1 0
github.com/maxzerbini/go-mssqldb/types.go:327.16,328.63 1 0
github.com/maxzerbini/go-mssqldb/types.go:329.18,330.27 1 0
github.com/maxzerbini/go-mssqldb/types.go:331.17,332.26 1 0
github.com/maxzerbini/go-mssqldb/types.go:333.20,334.29 1 0
github.com/maxzerbini/go-mssqldb/types.go:335.16,336.63 1 0
github.com/maxzerbini/go-mssqldb/types.go:337.16,338.48 1 0
github.com/maxzerbini/go-mssqldb/types.go:339.10,340.36 1 0
github.com/maxzerbini/go-mssqldb/types.go:345.62,347.15 2 0
github.com/maxzerbini/go-mssqldb/types.go:350.2,352.19 3 0
github.com/maxzerbini/go-mssqldb/types.go:429.2,429.29 1 0
github.com/maxzerbini/go-mssqldb/types.go:347.15,349.3 1 0
github.com/maxzerbini/go-mssqldb/types.go:353.17,354.20 1 0
github.com/maxzerbini/go-mssqldb/types.go:357.3,357.25 1 0
github.com/maxzerbini/go-mssqldb/types.go:358.17,359.35 1 0
github.com/maxzerbini/go-mssqldb/types.go:360.22,361.40 1 0
github.com/maxzerbini/go-mssqldb/types.go:362.27,363.45 1 0
github.com/maxzerbini/go-mssqldb/types.go:364.16,365.25 1 0
github.com/maxzerbini/go-mssqldb/types.go:366.16,367.19 1 0
github.com/maxzerbini/go-mssqldb/types.go:379.60,380.47 1 0
github.com/maxzerbini/go-mssqldb/types.go:381.16,382.20 1 0
github.com/maxzerbini/go-mssqldb/types.go:385.3,385.21 1 0
github.com/maxzerbini/go-mssqldb/types.go:386.16,387.19 1 0
github.com/maxzerbini/go-mssqldb/types.go:395.18,396.19 1 0
github.com/maxzerbini/go-mssqldb/types.go:404.20,405.29 1 0
github.com/maxzerbini/go-mssqldb/types.go:406.20,407.29 1 0
github.com/maxzerbini/go-mssqldb/types.go:408.21,409.19 1 0
github.com/maxzerbini/go-mssqldb/types.go:417.29,418.39 1 0
github.com/maxzerbini/go-mssqldb/types.go:419.33,425.13 3 0
github.com/maxzerbini/go-mssqldb/types.go:426.10,427.36 1 0
github.com/maxzerbini/go-mssqldb/types.go:354.20,356.4 1 0
github.com/maxzerbini/go-mssqldb/types.go:368.10,369.24 1 0
github.com/maxzerbini/go-mssqldb/types.go:370.10,371.58 1 0
github.com/maxzerbini/go-mssqldb/types.go:372.10,373.56 1 0
github.com/maxzerbini/go-mssqldb/types.go:374.10,375.49 1 0
github.com/maxzerbini/go-mssqldb/types.go:376.11,377.62 1 0
github.com/maxzerbini/go-mssqldb/types.go:382.20,384.4 1 0
github.com/maxzerbini/go-mssqldb/types.go:388.10,389.73 1 0
github.com/maxzerbini/go-mssqldb/types.go:390.10,391.64 1 0
github.com/maxzerbini/go-mssqldb/types.go:392.11,393.48 1 0
github.com/maxzerbini/go-mssqldb/types.go:397.10,398.28 1 0
github.com/maxzerbini/go-mssqldb/types.go:399.10,400.27 1 0
github.com/maxzerbini/go-mssqldb/types.go:401.11,402.50 1 0
github.com/maxzerbini/go-mssqldb/types.go:410.10,411.30 1 0
github.com/maxzerbini/go-mssqldb/types.go:412.10,413.30 1 0
github.com/maxzerbini/go-mssqldb/types.go:414.11,415.53 1 0
github.com/maxzerbini/go-mssqldb/types.go:432.73,433.20 1 0
github.com/maxzerbini/go-mssqldb/types.go:436.2,437.16 2 0
github.com/maxzerbini/go-mssqldb/types.go:440.2,441.8 2 0
github.com/maxzerbini/go-mssqldb/types.go:433.20,434.41 1 0
github.com/maxzerbini/go-mssqldb/types.go:437.16,439.3 1 0
github.com/maxzerbini/go-mssqldb/types.go:444.63,446.20 2 0
github.com/maxzerbini/go-mssqldb/types.go:449.2,451.19 3 0
github.com/maxzerbini/go-mssqldb/types.go:468.2,468.29 1 0
github.com/maxzerbini/go-mssqldb/types.go:446.20,448.3 1 0
github.com/maxzerbini/go-mssqldb/types.go:452.35,453.39 1 0
github.com/maxzerbini/go-mssqldb/types.go:454.36,460.13 3 0
github.com/maxzerbini/go-mssqldb/types.go:461.31,462.26 1 0
github.com/maxzerbini/go-mssqldb/types.go:463.15,464.29 1 0
github.com/maxzerbini/go-mssqldb/types.go:465.10,466.36 1 0
github.com/maxzerbini/go-mssqldb/types.go:471.74,472.16 1 0
github.com/maxzerbini/go-mssqldb/types.go:476.2,476.22 1 0
github.com/maxzerbini/go-mssqldb/types.go:479.2,480.16 2 0
github.com/maxzerbini/go-mssqldb/types.go:483.2,484.8 2 0
github.com/maxzerbini/go-mssqldb/types.go:472.16,475.3 2 0
github.com/maxzerbini/go-mssqldb/types.go:476.22,477.43 1 0
github.com/maxzerbini/go-mssqldb/types.go:480.16,482.3 1 0
github.com/maxzerbini/go-mssqldb/types.go:487.62,493.22 2 0
github.com/maxzerbini/go-mssqldb/types.go:496.2,501.16 6 0
github.com/maxzerbini/go-mssqldb/types.go:504.2,506.19 3 0
github.com/maxzerbini/go-mssqldb/types.go:516.2,516.29 1 0
github.com/maxzerbini/go-mssqldb/types.go:493.22,495.3 1 0
github.com/maxzerbini/go-mssqldb/types.go:501.16,503.3 1 0
github.com/maxzerbini/go-mssqldb/types.go:507.16,508.39 1 0
github.com/maxzerbini/go-mssqldb/types.go:509.17,510.13 1 0
github.com/maxzerbini/go-mssqldb/types.go:511.17,512.26 1 0
github.com/maxzerbini/go-mssqldb/types.go:513.10,514.36 1 0
github.com/maxzerbini/go-mssqldb/types.go:518.73,521.16 2 0
github.com/maxzerbini/go-mssqldb/types.go:524.2,525.16 2 0
github.com/maxzerbini/go-mssqldb/types.go:528.2,529.16 2 0
github.com/maxzerbini/go-mssqldb/types.go:533.2,534.16 2 0
github.com/maxzerbini/go-mssqldb/types.go:538.2,539.16 2 0
github.com/maxzerbini/go-mssqldb/types.go:542.2,543.8 2 0
github.com/maxzerbini/go-mssqldb/types.go:521.16,523.3 1 0
github.com/maxzerbini/go-mssqldb/types.go:525.16,527.3 1 0
github.com/maxzerbini/go-mssqldb/types.go:529.16,531.3 1 0
github.com/maxzerbini/go-mssqldb/types.go:534.16,536.3 1 0
github.com/maxzerbini/go-mssqldb/types.go:539.16,541.3 1 0
github.com/maxzerbini/go-mssqldb/types.go:546.53,550.2 3 0
github.com/maxzerbini/go-mssqldb/types.go:552.64,553.78 1 0
github.com/maxzerbini/go-mssqldb/types.go:556.2,557.8 2 0
github.com/maxzerbini/go-mssqldb/types.go:553.78,555.3 1 0
github.com/maxzerbini/go-mssqldb/types.go:562.62,564.15 2 0
github.com/maxzerbini/go-mssqldb/types.go:567.2,569.17 3 0
github.com/maxzerbini/go-mssqldb/types.go:649.2,649.29 1 0
github.com/maxzerbini/go-mssqldb/types.go:564.15,566.3 1 0
github.com/maxzerbini/go-mssqldb/types.go:570.16,573.13 3 0
github.com/maxzerbini/go-mssqldb/types.go:574.15,575.23 1 0
github.com/maxzerbini/go-mssqldb/types.go:576.16,577.25 1 0
github.com/maxzerbini/go-mssqldb/types.go:578.16,579.34 1 0
github.com/maxzerbini/go-mssqldb/types.go:580.16,581.26 1 0
github.com/maxzerbini/go-mssqldb/types.go:582.16,583.27 1 0
github.com/maxzerbini/go-mssqldb/types.go:584.20,587.29 3 0
github.com/maxzerbini/go-mssqldb/types.go:588.20,591.29 3 0
github.com/maxzerbini/go-mssqldb/types.go:592.16,593.51 1 0
github.com/maxzerbini/go-mssqldb/types.go:594.16,595.42 1 0
github.com/maxzerbini/go-mssqldb/types.go:596.18,599.27 3 0
github.com/maxzerbini/go-mssqldb/types.go:600.17,603.26 3 0
github.com/maxzerbini/go-mssqldb/types.go:604.17,607.25 3 0
github.com/maxzerbini/go-mssqldb/types.go:608.17,612.32 4 0
github.com/maxzerbini/go-mssqldb/types.go:613.22,617.37 4 0
github.com/maxzerbini/go-mssqldb/types.go:618.27,622.42 4 0
github.com/maxzerbini/go-mssqldb/types.go:623.36,627.13 4 0
github.com/maxzerbini/go-mssqldb/types.go:628.34,633.41 5 0
github.com/maxzerbini/go-mssqldb/types.go:634.35,639.30 5 0
github.com/maxzerbini/go-mssqldb/types.go:640.31,645.26 5 0
github.com/maxzerbini/go-mssqldb/types.go:646.10,647.44 1 0
github.com/maxzerbini/go-mssqldb/types.go:654.58,657.14 3 0
github.com/maxzerbini/go-mssqldb/types.go:667.2,667.11 1 0
github.com/maxzerbini/go-mssqldb/types.go:676.2,676.19 1 0
github.com/maxzerbini/go-mssqldb/types.go:688.2,688.29 1 0
github.com/maxzerbini/go-mssqldb/types.go:658.17,660.13 1 0
github.com/maxzerbini/go-mssqldb/types.go:661.24,663.47 1 0
github.com/maxzerbini/go-mssqldb/types.go:664.10,665.47 1 0
github.com/maxzerbini/go-mssqldb/types.go:667.11,669.21 2 0
github.com/maxzerbini/go-mssqldb/types.go:672.3,672.63 1 0
github.com/maxzerbini/go-mssqldb/types.go:669.21,670.9 1 0
github.com/maxzerbini/go-mssqldb/types.go:672.63,674.4 1 0
github.com/maxzerbini/go-mssqldb/types.go:677.15,678.37 1 0
github.com/maxzerbini/go-mssqldb/types.go:679.45,680.47 1 0
github.com/maxzerbini/go-mssqldb/types.go:681.47,682.21 1 0
github.com/maxzerbini/go-mssqldb/types.go:683.42,684.34 1 0
github.com/maxzerbini/go-mssqldb/types.go:685.15,686.37 1 0
github.com/maxzerbini/go-mssqldb/types.go:691.69,692.86 1 0
github.com/maxzerbini/go-mssqldb/types.go:695.2,695.6 1 0
github.com/maxzerbini/go-mssqldb/types.go:692.86,694.3 1 0
github.com/maxzerbini/go-mssqldb/types.go:695.6,697.21 2 0
github.com/maxzerbini/go-mssqldb/types.go:701.3,701.72 1 0
github.com/maxzerbini/go-mssqldb/types.go:704.3,704.52 1 0
github.com/maxzerbini/go-mssqldb/types.go:707.3,707.24 1 0
github.com/maxzerbini/go-mssqldb/types.go:697.21,700.4 2 0
github.com/maxzerbini/go-mssqldb/types.go:701.72,703.4 1 0
github.com/maxzerbini/go-mssqldb/types.go:704.52,706.4 1 0
github.com/maxzerbini/go-mssqldb/types.go:711.45,712.19 1 0
github.com/maxzerbini/go-mssqldb/types.go:809.2,809.8 1 0
github.com/maxzerbini/go-mssqldb/types.go:713.17,716.36 3 0
github.com/maxzerbini/go-mssqldb/types.go:717.54,719.19 2 0
github.com/maxzerbini/go-mssqldb/types.go:729.3,729.20 1 0
github.com/maxzerbini/go-mssqldb/types.go:735.3,736.36 2 0
github.com/maxzerbini/go-mssqldb/types.go:740.42,744.20 3 0
github.com/maxzerbini/go-mssqldb/types.go:749.3,749.30 1 0
github.com/maxzerbini/go-mssqldb/types.go:750.15,752.36 2 0
github.com/maxzerbini/go-mssqldb/types.go:760.3,760.26 1 0
github.com/maxzerbini/go-mssqldb/types.go:761.15,769.26 7 0
github.com/maxzerbini/go-mssqldb/types.go:771.27,774.20 2 0
github.com/maxzerbini/go-mssqldb/types.go:778.3,778.24 1 0
github.com/maxzerbini/go-mssqldb/types.go:784.51,787.20 2 0
github.com/maxzerbini/go-mssqldb/types.go:806.10,807.48 1 0
github.com/maxzerbini/go-mssqldb/types.go:720.16,721.15 1 0
github.com/maxzerbini/go-mssqldb/types.go:722.13,723.15 1 0
github.com/maxzerbini/go-mssqldb/types.go:724.16,725.15 1 0
github.com/maxzerbini/go-mssqldb/types.go:726.11,727.75 1 0
github.com/maxzerbini/go-mssqldb/types.go:730.23,731.16 1 0
github.com/maxzerbini/go-mssqldb/types.go:732.28,733.16 1 0
github.com/maxzerbini/go-mssqldb/types.go:745.61,747.23 2 0
github.com/maxzerbini/go-mssqldb/types.go:752.36,759.4 3 0
github.com/maxzerbini/go-mssqldb/types.go:775.61,776.35 1 0
github.com/maxzerbini/go-mssqldb/types.go:778.24,780.4 1 0
github.com/maxzerbini/go-mssqldb/types.go:780.9,783.4 2 0
github.com/maxzerbini/go-mssqldb/types.go:788.28,792.34 3 0
github.com/maxzerbini/go-mssqldb/types.go:795.4,795.31 1 0
github.com/maxzerbini/go-mssqldb/types.go:796.18,799.34 2 0
github.com/maxzerbini/go-mssqldb/types.go:802.4,802.31 1 0
github.com/maxzerbini/go-mssqldb/types.go:803.20,804.31 1 0
github.com/maxzerbini/go-mssqldb/types.go:792.34,794.5 1 0
github.com/maxzerbini/go-mssqldb/types.go:799.34,801.5 1 0
github.com/maxzerbini/go-mssqldb/types.go:812.37,822.2 2 0
github.com/maxzerbini/go-mssqldb/types.go:824.38,827.2 2 0
github.com/maxzerbini/go-mssqldb/types.go:829.36,833.2 3 0
github.com/maxzerbini/go-mssqldb/types.go:835.64,845.25 6 0
github.com/maxzerbini/go-mssqldb/types.go:849.2,849.20 1 0
github.com/maxzerbini/go-mssqldb/types.go:845.25,848.3 2 0
github.com/maxzerbini/go-mssqldb/types.go:853.43,856.2 2 0
github.com/maxzerbini/go-mssqldb/types.go:858.39,860.2 1 0
github.com/maxzerbini/go-mssqldb/types.go:862.45,869.2 6 0
github.com/maxzerbini/go-mssqldb/types.go:871.63,873.37 2 0
github.com/maxzerbini/go-mssqldb/types.go:877.2,877.36 1 0
github.com/maxzerbini/go-mssqldb/types.go:880.2,883.8 4 0
github.com/maxzerbini/go-mssqldb/types.go:873.37,876.3 2 0
github.com/maxzerbini/go-mssqldb/types.go:877.36,879.3 1 0
github.com/maxzerbini/go-mssqldb/types.go:887.34,888.16 1 2
github.com/maxzerbini/go-mssqldb/types.go:888.16,890.3 1 0
github.com/maxzerbini/go-mssqldb/types.go:890.8,890.23 1 2
github.com/maxzerbini/go-mssqldb/types.go:890.23,892.3 1 0
github.com/maxzerbini/go-mssqldb/types.go:892.8,894.3 1 2
github.com/maxzerbini/go-mssqldb/types.go:899.56,907.2 7 2
github.com/maxzerbini/go-mssqldb/types.go:909.52,912.2 2 0
github.com/maxzerbini/go-mssqldb/types.go:914.67,919.2 4 0
github.com/maxzerbini/go-mssqldb/types.go:921.57,926.2 4 0
github.com/maxzerbini/go-mssqldb/types.go:928.61,937.2 8 0
github.com/maxzerbini/go-mssqldb/types.go:939.62,948.2 7 0
github.com/maxzerbini/go-mssqldb/types.go:950.66,963.2 12 2
github.com/maxzerbini/go-mssqldb/types.go:966.43,969.2 2 4
github.com/maxzerbini/go-mssqldb/types.go:971.61,976.14 4 2
github.com/maxzerbini/go-mssqldb/types.go:981.2,982.16 2 2
github.com/maxzerbini/go-mssqldb/types.go:987.2,987.8 1 2
github.com/maxzerbini/go-mssqldb/types.go:976.14,980.3 3 0
github.com/maxzerbini/go-mssqldb/types.go:982.16,986.3 3 0
github.com/maxzerbini/go-mssqldb/types.go:990.54,992.2 1 0
github.com/maxzerbini/go-mssqldb/types.go:994.36,996.16 2 0
github.com/maxzerbini/go-mssqldb/types.go:999.2,999.12 1 0
github.com/maxzerbini/go-mssqldb/types.go:996.16,998.3 1 0
github.com/maxzerbini/go-mssqldb/types.go:1002.37,1004.2 1 0
github.com/maxzerbini/go-mssqldb/types.go:1006.48,1008.2 1 0
github.com/maxzerbini/go-mssqldb/types.go:1010.48,1012.2 1 0
github.com/maxzerbini/go-mssqldb/types.go:1018.51,1019.19 1 11
github.com/maxzerbini/go-mssqldb/types.go:1020.16,1021.34 1 1
github.com/maxzerbini/go-mssqldb/types.go:1022.16,1023.34 1 1
github.com/maxzerbini/go-mssqldb/types.go:1024.16,1025.34 1 1
github.com/maxzerbini/go-mssqldb/types.go:1026.16,1027.34 1 1
github.com/maxzerbini/go-mssqldb/types.go:1028.16,1029.36 1 1
github.com/maxzerbini/go-mssqldb/types.go:1030.16,1031.18 1 1
github.com/maxzerbini/go-mssqldb/types.go:1043.16,1044.36 1 1
github.com/maxzerbini/go-mssqldb/types.go:1045.16,1046.18 1 0
github.com/maxzerbini/go-mssqldb/types.go:1054.21,1055.34 1 0
github.com/maxzerbini/go-mssqldb/types.go:1056.19,1057.28 1 1
github.com/maxzerbini/go-mssqldb/types.go:1058.20,1059.28 1 0
github.com/maxzerbini/go-mssqldb/types.go:1060.25,1061.30 1 0
github.com/maxzerbini/go-mssqldb/types.go:1062.34,1063.34 1 0
github.com/maxzerbini/go-mssqldb/types.go:1064.41,1065.18 1 1
github.com/maxzerbini/go-mssqldb/types.go:1073.20,1074.37 1 1
github.com/maxzerbini/go-mssqldb/types.go:1075.20,1076.37 1 1
github.com/maxzerbini/go-mssqldb/types.go:1077.21,1078.18 1 0
github.com/maxzerbini/go-mssqldb/types.go:1086.22,1087.37 1 0
github.com/maxzerbini/go-mssqldb/types.go:1088.17,1089.37 1 0
github.com/maxzerbini/go-mssqldb/types.go:1090.17,1091.37 1 0
github.com/maxzerbini/go-mssqldb/types.go:1092.27,1093.37 1 0
github.com/maxzerbini/go-mssqldb/types.go:1094.22,1095.28 1 0
github.com/maxzerbini/go-mssqldb/types.go:1096.19,1097.28 1 0
github.com/maxzerbini/go-mssqldb/types.go:1098.17,1099.28 1 0
github.com/maxzerbini/go-mssqldb/types.go:1100.16,1101.34 1 0
github.com/maxzerbini/go-mssqldb/types.go:1102.15,1103.28 1 0
github.com/maxzerbini/go-mssqldb/types.go:1104.16,1105.28 1 0
github.com/maxzerbini/go-mssqldb/types.go:1106.17,1107.28 1 0
github.com/maxzerbini/go-mssqldb/types.go:1108.17,1109.34 1 0
github.com/maxzerbini/go-mssqldb/types.go:1110.21,1111.34 1 0
github.com/maxzerbini/go-mssqldb/types.go:1112.19,1113.29 1 0
github.com/maxzerbini/go-mssqldb/types.go:1114.10,1115.82 1 0
github.com/maxzerbini/go-mssqldb/types.go:1032.10,1033.35 1 0
github.com/maxzerbini/go-mssqldb/types.go:1034.10,1035.35 1 0
github.com/maxzerbini/go-mssqldb/types.go:1036.10,1037.35 1 1
github.com/maxzerbini/go-mssqldb/types.go:1038.10,1039.35 1 0
github.com/maxzerbini/go-mssqldb/types.go:1040.11,1041.37 1 0
github.com/maxzerbini/go-mssqldb/types.go:1047.10,1048.37 1 0
github.com/maxzerbini/go-mssqldb/types.go:1049.10,1050.37 1 0
github.com/maxzerbini/go-mssqldb/types.go:1051.11,1052.37 1 0
github.com/maxzerbini/go-mssqldb/types.go:1066.10,1067.35 1 0
github.com/maxzerbini/go-mssqldb/types.go:1068.10,1069.35 1 1
github.com/maxzerbini/go-mssqldb/types.go:1070.11,1071.35 1 0
github.com/maxzerbini/go-mssqldb/types.go:1079.10,1080.38 1 0
github.com/maxzerbini/go-mssqldb/types.go:1081.10,1082.38 1 0
github.com/maxzerbini/go-mssqldb/types.go:1083.11,1084.38 1 0
github.com/maxzerbini/go-mssqldb/types.go:1119.35,1120.19 1 0
github.com/maxzerbini/go-mssqldb/types.go:1121.16,1124.23 1 0
github.com/maxzerbini/go-mssqldb/types.go:1125.16,1126.19 1 0
github.com/maxzerbini/go-mssqldb/types.go:1127.21,1128.44 1 0
github.com/maxzerbini/go-mssqldb/types.go:1129.16,1130.20 1 0
github.com/maxzerbini/go-mssqldb/types.go:1131.16,1132.15 1 0
github.com/maxzerbini/go-mssqldb/types.go:1133.16,1134.18 1 0
github.com/maxzerbini/go-mssqldb/types.go:1135.16,1136.16 1 0
github.com/maxzerbini/go-mssqldb/types.go:1137.16,1138.18 1 0
github.com/maxzerbini/go-mssqldb/types.go:1150.16,1151.17 1 0
github.com/maxzerbini/go-mssqldb/types.go:1152.16,1153.18 1 0
github.com/maxzerbini/go-mssqldb/types.go:1161.33,1162.59 1 0
github.com/maxzerbini/go-mssqldb/types.go:1163.33,1164.59 1 0
github.com/maxzerbini/go-mssqldb/types.go:1165.18,1166.22 1 0
github.com/maxzerbini/go-mssqldb/types.go:1167.17,1168.17 1 0
github.com/maxzerbini/go-mssqldb/types.go:1169.18,1170.18 1 0
github.com/maxzerbini/go-mssqldb/types.go:1178.21,1179.37 1 0
github.com/maxzerbini/go-mssqldb/types.go:1184.17,1185.45 1 0
github.com/maxzerbini/go-mssqldb/types.go:1186.29,1187.42 1 0
github.com/maxzerbini/go-mssqldb/types.go:1188.35,1189.37 1 0
github.com/maxzerbini/go-mssqldb/types.go:1194.20,1195.37 1 0
github.com/maxzerbini/go-mssqldb/types.go:1200.25,1201.15 1 0
github.com/maxzerbini/go-mssqldb/types.go:1202.17,1203.16 1 0
github.com/maxzerbini/go-mssqldb/types.go:1204.20,1205.25 1 0
github.com/maxzerbini/go-mssqldb/types.go:1206.20,1207.20 1 0
github.com/maxzerbini/go-mssqldb/types.go:1208.21,1209.18 1 0
github.com/maxzerbini/go-mssqldb/types.go:1217.17,1218.16 1 0
github.com/maxzerbini/go-mssqldb/types.go:1219.22,1220.48 1 0
github.com/maxzerbini/go-mssqldb/types.go:1221.27,1222.53 1 0
github.com/maxzerbini/go-mssqldb/types.go:1223.16,1224.16 1 0
github.com/maxzerbini/go-mssqldb/types.go:1225.17,1226.17 1 0
github.com/maxzerbini/go-mssqldb/types.go:1227.15,1228.29 1 0
github.com/maxzerbini/go-mssqldb/types.go:1229.16,1230.28 1 0
github.com/maxzerbini/go-mssqldb/types.go:1231.15,1232.34 1 0
github.com/maxzerbini/go-mssqldb/types.go:1235.3,1235.57 1 0
github.com/maxzerbini/go-mssqldb/types.go:1236.10,1237.73 1 0
github.com/maxzerbini/go-mssqldb/types.go:1139.10,1140.20 1 0
github.com/maxzerbini/go-mssqldb/types.go:1141.10,1142.21 1 0
github.com/maxzerbini/go-mssqldb/types.go:1143.10,1144.16 1 0
github.com/maxzerbini/go-mssqldb/types.go:1145.10,1146.19 1 0
github.com/maxzerbini/go-mssqldb/types.go:1147.11,1148.37 1 0
github.com/maxzerbini/go-mssqldb/types.go:1154.10,1155.17 1 0
github.com/maxzerbini/go-mssqldb/types.go:1156.10,1157.18 1 0
github.com/maxzerbini/go-mssqldb/types.go:1158.11,1159.37 1 0
github.com/maxzerbini/go-mssqldb/types.go:1171.10,1172.23 1 0
github.com/maxzerbini/go-mssqldb/types.go:1173.10,1174.18 1 0
github.com/maxzerbini/go-mssqldb/types.go:1175.11,1176.39 1 0
github.com/maxzerbini/go-mssqldb/types.go:1179.37,1181.4 1 0
github.com/maxzerbini/go-mssqldb/types.go:1181.9,1183.4 1 0
github.com/maxzerbini/go-mssqldb/types.go:1189.37,1191.4 1 0
github.com/maxzerbini/go-mssqldb/types.go:1191.9,1193.4 1 0
github.com/maxzerbini/go-mssqldb/types.go:1195.37,1197.4 1 0
github.com/maxzerbini/go-mssqldb/types.go:1197.9,1199.4 1 0
github.com/maxzerbini/go-mssqldb/types.go:1210.10,1211.26 1 0
github.com/maxzerbini/go-mssqldb/types.go:1212.10,1213.21 1 0
github.com/maxzerbini/go-mssqldb/types.go:1214.11,1215.41 1 0
github.com/maxzerbini/go-mssqldb/types.go:1232.34,1234.4 1 0
github.com/maxzerbini/go-mssqldb/types.go:1247.45,1248.19 1 3
github.com/maxzerbini/go-mssqldb/types.go:1249.16,1250.19 1 0
github.com/maxzerbini/go-mssqldb/types.go:1251.16,1252.20 1 0
github.com/maxzerbini/go-mssqldb/types.go:1253.16,1254.15 1 0
github.com/maxzerbini/go-mssqldb/types.go:1255.16,1256.18 1 0
github.com/maxzerbini/go-mssqldb/types.go:1257.16,1258.16 1 0
github.com/maxzerbini/go-mssqldb/types.go:1259.16,1260.18 1 0
github.com/maxzerbini/go-mssqldb/types.go:1272.16,1273.17 1 0
github.com/maxzerbini/go-mssqldb/types.go:1274.16,1275.18 1 0
github.com/maxzerbini/go-mssqldb/types.go:1283.21,1284.21 1 0
github.com/maxzerbini/go-mssqldb/types.go:1285.19,1286.19 1 0
github.com/maxzerbini/go-mssqldb/types.go:1287.20,1288.20 1 0
github.com/maxzerbini/go-mssqldb/types.go:1289.25,1290.15 1 0
github.com/maxzerbini/go-mssqldb/types.go:1291.34,1292.19 1 0
github.com/maxzerbini/go-mssqldb/types.go:1293.41,1294.18 1 0
github.com/maxzerbini/go-mssqldb/types.go:1302.20,1303.25 1 1
github.com/maxzerbini/go-mssqldb/types.go:1304.20,1305.20 1 1
github.com/maxzerbini/go-mssqldb/types.go:1306.21,1307.18 1 0
github.com/maxzerbini/go-mssqldb/types.go:1315.22,1316.21 1 0
github.com/maxzerbini/go-mssqldb/types.go:1317.17,1318.16 1 0
github.com/maxzerbini/go-mssqldb/types.go:1319.17,1320.16 1 0
github.com/maxzerbini/go-mssqldb/types.go:1321.27,1322.26 1 0
github.com/maxzerbini/go-mssqldb/types.go:1323.22,1324.19 1 0
github.com/maxzerbini/go-mssqldb/types.go:1325.19,1326.16 1 0
github.com/maxzerbini/go-mssqldb/types.go:1327.17,1328.17 1 0
github.com/maxzerbini/go-mssqldb/types.go:1329.16,1330.28 1 0
github.com/maxzerbini/go-mssqldb/types.go:1331.15,1332.15 1 0
github.com/maxzerbini/go-mssqldb/types.go:1333.16,1334.16 1 0
github.com/maxzerbini/go-mssqldb/types.go:1335.17,1336.17 1 0
github.com/maxzerbini/go-mssqldb/types.go:1337.17,1338.17 1 0
github.com/maxzerbini/go-mssqldb/types.go:1339.19,1340.23 1 0
github.com/maxzerbini/go-mssqldb/types.go:1341.21,1342.18 1 1
github.com/maxzerbini/go-mssqldb/types.go:1343.10,1344.82 1 0
github.com/maxzerbini/go-mssqldb/types.go:1261.10,1262.20 1 0
github.com/maxzerbini/go-mssqldb/types.go:1263.10,1264.21 1 0
github.com/maxzerbini/go-mssqldb/types.go:1265.10,1266.16 1 0
github.com/maxzerbini/go-mssqldb/types.go:1267.10,1268.19 1 0
github.com/maxzerbini/go-mssqldb/types.go:1269.11,1270.37 1 0
github.com/maxzerbini/go-mssqldb/types.go:1276.10,1277.17 1 0
github.com/maxzerbini/go-mssqldb/types.go:1278.10,1279.18 1 0
github.com/maxzerbini/go-mssqldb/types.go:1280.11,1281.37 1 0
github.com/maxzerbini/go-mssqldb/types.go:1295.10,1296.23 1 0
github.com/maxzerbini/go-mssqldb/types.go:1297.10,1298.18 1 0
github.com/maxzerbini/go-mssqldb/types.go:1299.11,1300.35 1 0
github.com/maxzerbini/go-mssqldb/types.go:1308.10,1309.26 1 0
github.com/maxzerbini/go-mssqldb/types.go:1310.10,1311.21 1 0
github.com/maxzerbini/go-mssqldb/types.go:1312.11,1313.38 1 0
github.com/maxzerbini/go-mssqldb/types.go:1360.54,1361.19 1 3
github.com/maxzerbini/go-mssqldb/types.go:1362.16,1363.18 1 0
github.com/maxzerbini/go-mssqldb/types.go:1364.16,1365.18 1 0
github.com/maxzerbini/go-mssqldb/types.go:1366.16,1367.18 1 0
github.com/maxzerbini/go-mssqldb/types.go:1368.16,1369.18 1 0
github.com/maxzerbini/go-mssqldb/types.go:1370.16,1371.18 1 0
github.com/maxzerbini/go-mssqldb/types.go:1372.16,1373.18 1 0
github.com/maxzerbini/go-mssqldb/types.go:1385.16,1386.18 1 0
github.com/maxzerbini/go-mssqldb/types.go:1387.16,1388.18 1 0
github.com/maxzerbini/go-mssqldb/types.go:1396.25,1397.18 1 0
github.com/maxzerbini/go-mssqldb/types.go:1398.34,1399.18 1 0
github.com/maxzerbini/go-mssqldb/types.go:1400.41,1401.18 1 0
github.com/maxzerbini/go-mssqldb/types.go:1409.34,1410.18 1 2
github.com/maxzerbini/go-mssqldb/types.go:1411.21,1412.18 1 0
github.com/maxzerbini/go-mssqldb/types.go:1420.22,1421.18 1 0
github.com/maxzerbini/go-mssqldb/types.go:1422.17,1423.18 1 0
github.com/maxzerbini/go-mssqldb/types.go:1424.17,1425.18 1 0
github.com/maxzerbini/go-mssqldb/types.go:1426.27,1427.18 1 0
github.com/maxzerbini/go-mssqldb/types.go:1428.21,1429.24 1 0
github.com/maxzerbini/go-mssqldb/types.go:1434.19,1435.30 1 0
github.com/maxzerbini/go-mssqldb/types.go:1436.22,1437.24 1 0
github.com/maxzerbini/go-mssqldb/types.go:1442.19,1443.30 1 0
github.com/maxzerbini/go-mssqldb/types.go:1444.20,1445.24 1 0
github.com/maxzerbini/go-mssqldb/types.go:1450.17,1451.34 1 0
github.com/maxzerbini/go-mssqldb/types.go:1452.16,1453.18 1 0
github.com/maxzerbini/go-mssqldb/types.go:1454.15,1455.26 1 0
github.com/maxzerbini/go-mssqldb/types.go:1456.16,1457.26 1 0
github.com/maxzerbini/go-mssqldb/types.go:1458.17,1459.26 1 0
github.com/maxzerbini/go-mssqldb/types.go:1460.17,1461.26 1 0
github.com/maxzerbini/go-mssqldb/types.go:1462.19,1463.18 1 0
github.com/maxzerbini/go-mssqldb/types.go:1464.21,1465.18 1 1
github.com/maxzerbini/go-mssqldb/types.go:1466.10,1467.84 1 0
github.com/maxzerbini/go-mssqldb/types.go:1374.10,1375.19 1 0
github.com/maxzerbini/go-mssqldb/types.go:1376.10,1377.19 1 0
github.com/maxzerbini/go-mssqldb/types.go:1378.10,1379.19 1 0
github.com/maxzerbini/go-mssqldb/types.go:1380.10,1381.19 1 0
github.com/maxzerbini/go-mssqldb/types.go:1382.11,1383.37 1 0
github.com/maxzerbini/go-mssqldb/types.go:1389.10,1390.19 1 0
github.com/maxzerbini/go-mssqldb/types.go:1391.10,1392.19 1 0
github.com/maxzerbini/go-mssqldb/types.go:1393.11,1394.37 1 0
github.com/maxzerbini/go-mssqldb/types.go:1402.10,1403.19 1 0
github.com/maxzerbini/go-mssqldb/types.go:1404.10,1405.19 1 0
github.com/maxzerbini/go-mssqldb/types.go:1406.11,1407.35 1 0
github.com/maxzerbini/go-mssqldb/types.go:1413.10,1414.19 1 0
github.com/maxzerbini/go-mssqldb/types.go:1415.10,1416.19 1 0
github.com/maxzerbini/go-mssqldb/types.go:1417.11,1418.38 1 0
github.com/maxzerbini/go-mssqldb/types.go:1429.24,1431.4 1 0
github.com/maxzerbini/go-mssqldb/types.go:1431.9,1433.4 1 0
github.com/maxzerbini/go-mssqldb/types.go:1437.24,1439.4 1 0
github.com/maxzerbini/go-mssqldb/types.go:1439.9,1441.4 1 0
github.com/maxzerbini/go-mssqldb/types.go:1445.24,1447.4 1 0
github.com/maxzerbini/go-mssqldb/types.go:1447.9,1449.4 1 0
github.com/maxzerbini/go-mssqldb/types.go:1483.69,1484.19 1 3
github.com/maxzerbini/go-mssqldb/types.go:1485.16,1486.21 1 0
github.com/maxzerbini/go-mssqldb/types.go:1487.16,1488.21 1 0
github.com/maxzerbini/go-mssqldb/types.go:1489.16,1490.21 1 0
github.com/maxzerbini/go-mssqldb/types.go:1491.16,1492.21 1 0
github.com/maxzerbini/go-mssqldb/types.go:1493.16,1494.21 1 0
github.com/maxzerbini/go-mssqldb/types.go:1495.16,1496.18 1 0
github.com/maxzerbini/go-mssqldb/types.go:1508.16,1509.21 1 0
github.com/maxzerbini/go-mssqldb/types.go:1510.16,1511.18 1 0
github.com/maxzerbini/go-mssqldb/types.go:1519.25,1520.21 1 0
github.com/maxzerbini/go-mssqldb/types.go:1521.34,1522.47 1 0
github.com/maxzerbini/go-mssqldb/types.go:1523.41,1524.18 1 0
github.com/maxzerbini/go-mssqldb/types.go:1532.34,1533.21 1 2
github.com/maxzerbini/go-mssqldb/types.go:1534.21,1535.18 1 0
github.com/maxzerbini/go-mssqldb/types.go:1543.22,1544.21 1 0
github.com/maxzerbini/go-mssqldb/types.go:1545.17,1546.21 1 0
github.com/maxzerbini/go-mssqldb/types.go:1547.17,1548.21 1 0
github.com/maxzerbini/go-mssqldb/types.go:1549.27,1550.21 1 0
github.com/maxzerbini/go-mssqldb/types.go:1551.21,1552.21 1 0
github.com/maxzerbini/go-mssqldb/types.go:1553.19,1554.21 1 0
github.com/maxzerbini/go-mssqldb/types.go:1555.22,1556.21 1 0
github.com/maxzerbini/go-mssqldb/types.go:1557.19,1558.21 1 0
github.com/maxzerbini/go-mssqldb/types.go:1559.20,1560.21 1 0
github.com/maxzerbini/go-mssqldb/types.go:1561.17,1562.21 1 0
github.com/maxzerbini/go-mssqldb/types.go:1563.16,1564.21 1 0
github.com/maxzerbini/go-mssqldb/types.go:1565.15,1566.21 1 0
github.com/maxzerbini/go-mssqldb/types.go:1567.16,1568.21 1 0
github.com/maxzerbini/go-mssqldb/types.go:1569.17,1570.21 1 0
github.com/maxzerbini/go-mssqldb/types.go:1571.17,1572.21 1 0
github.com/maxzerbini/go-mssqldb/types.go:1573.19,1574.21 1 0
github.com/maxzerbini/go-mssqldb/types.go:1575.21,1576.21 1 1
github.com/maxzerbini/go-mssqldb/types.go:1577.10,1578.92 1 0
github.com/maxzerbini/go-mssqldb/types.go:1497.10,1498.22 1 0
github.com/maxzerbini/go-mssqldb/types.go:1499.10,1500.22 1 0
github.com/maxzerbini/go-mssqldb/types.go:1501.10,1502.22 1 0
github.com/maxzerbini/go-mssqldb/types.go:1503.10,1504.22 1 0
github.com/maxzerbini/go-mssqldb/types.go:1505.11,1506.37 1 0
github.com/maxzerbini/go-mssqldb/types.go:1512.10,1513.22 1 0
github.com/maxzerbini/go-mssqldb/types.go:1514.10,1515.22 1 0
github.com/maxzerbini/go-mssqldb/types.go:1516.11,1517.37 1 0
github.com/maxzerbini/go-mssqldb/types.go:1525.10,1526.22 1 0
github.com/maxzerbini/go-mssqldb/types.go:1527.10,1528.22 1 0
github.com/maxzerbini/go-mssqldb/types.go:1529.11,1530.35 1 0
github.com/maxzerbini/go-mssqldb/types.go:1536.10,1537.22 1 0
github.com/maxzerbini/go-mssqldb/types.go:1538.10,1539.22 1 0
github.com/maxzerbini/go-mssqldb/types.go:1540.11,1541.38 1 0
github.com/maxzerbini/go-mssqldb/decimal.go:20.38,22.26 2 6
github.com/maxzerbini/go-mssqldb/decimal.go:26.2,26.17 1 6
github.com/maxzerbini/go-mssqldb/decimal.go:29.2,29.18 1 6
github.com/maxzerbini/go-mssqldb/decimal.go:32.2,32.12 1 6
github.com/maxzerbini/go-mssqldb/decimal.go:22.26,25.3 2 24
github.com/maxzerbini/go-mssqldb/decimal.go:26.17,28.3 1 1
github.com/maxzerbini/go-mssqldb/decimal.go:29.18,31.3 1 2
github.com/maxzerbini/go-mssqldb/decimal.go:37.51,39.2 1 10
github.com/maxzerbini/go-mssqldb/decimal.go:41.69,43.19 2 10
github.com/maxzerbini/go-mssqldb/decimal.go:46.2,46.22 1 9
github.com/maxzerbini/go-mssqldb/decimal.go:49.2,50.19 2 7
github.com/maxzerbini/go-mssqldb/decimal.go:53.2,53.31 1 7
github.com/maxzerbini/go-mssqldb/decimal.go:56.2,58.53 3 5
github.com/maxzerbini/go-mssqldb/decimal.go:65.2,65.25 1 5
github.com/maxzerbini/go-mssqldb/decimal.go:71.2,71.17 1 5
github.com/maxzerbini/go-mssqldb/decimal.go:43.19,45.3 1 1
github.com/maxzerbini/go-mssqldb/decimal.go:46.22,48.3 1 2
github.com/maxzerbini/go-mssqldb/decimal.go:50.19,52.3 1 2
github.com/maxzerbini/go-mssqldb/decimal.go:53.31,55.3 1 2
github.com/maxzerbini/go-mssqldb/decimal.go:58.53,61.38 3 6
github.com/maxzerbini/go-mssqldb/decimal.go:61.38,62.9 1 5
github.com/maxzerbini/go-mssqldb/decimal.go:65.25,70.3 4 20
github.com/maxzerbini/go-mssqldb/decimal.go:74.13,76.27 2 1
github.com/maxzerbini/go-mssqldb/decimal.go:76.27,79.3 2 39
github.com/maxzerbini/go-mssqldb/decimal.go:82.35,90.17 8 10
github.com/maxzerbini/go-mssqldb/decimal.go:93.2,93.10 1 10
github.com/maxzerbini/go-mssqldb/decimal.go:90.17,92.3 1 3
github.com/maxzerbini/go-mssqldb/decimal.go:96.33,99.2 2 10
github.com/maxzerbini/go-mssqldb/decimal.go:101.41,104.2 2 0
github.com/maxzerbini/go-mssqldb/decimal.go:106.47,108.32 2 10
github.com/maxzerbini/go-mssqldb/decimal.go:112.2,113.14 2 10
github.com/maxzerbini/go-mssqldb/decimal.go:118.2,118.15 1 10
github.com/maxzerbini/go-mssqldb/decimal.go:126.2,126.10 1 10
github.com/maxzerbini/go-mssqldb/decimal.go:108.32,111.3 2 3
github.com/maxzerbini/go-mssqldb/decimal.go:113.14,115.3 1 3
github.com/maxzerbini/go-mssqldb/decimal.go:115.8,115.20 1 7
github.com/maxzerbini/go-mssqldb/decimal.go:115.20,117.3 1 7
github.com/maxzerbini/go-mssqldb/decimal.go:118.15,120.15 2 5
github.com/maxzerbini/go-mssqldb/decimal.go:124.3,124.36 1 5
github.com/maxzerbini/go-mssqldb/decimal.go:120.15,123.4 2 1
github.com/maxzerbini/go-mssqldb/decimal.go:129.34,131.2 1 10
github.com/maxzerbini/go-mssqldb/error.go:22.31,24.2 1 0
github.com/maxzerbini/go-mssqldb/error.go:27.39,29.2 1 0
github.com/maxzerbini/go-mssqldb/error.go:31.38,33.2 1 0
github.com/maxzerbini/go-mssqldb/error.go:35.38,37.2 1 0
github.com/maxzerbini/go-mssqldb/error.go:39.41,41.2 1 0
github.com/maxzerbini/go-mssqldb/error.go:43.44,45.2 1 0
github.com/maxzerbini/go-mssqldb/error.go:47.42,49.2 1 0
github.com/maxzerbini/go-mssqldb/error.go:51.39,53.2 1 0
github.com/maxzerbini/go-mssqldb/error.go:59.37,61.2 1 0
github.com/maxzerbini/go-mssqldb/error.go:63.64,65.2 1 0
github.com/maxzerbini/go-mssqldb/error.go:67.32,68.12 1 2
github.com/maxzerbini/go-mssqldb/error.go:71.55,72.35 1 0
github.com/maxzerbini/go-mssqldb/log.go:16.65,17.21 1 0
github.com/maxzerbini/go-mssqldb/log.go:17.21,19.3 1 0
github.com/maxzerbini/go-mssqldb/log.go:19.8,21.3 1 0
github.com/maxzerbini/go-mssqldb/log.go:24.51,25.21 1 0
github.com/maxzerbini/go-mssqldb/log.go:25.21,27.3 1 0
github.com/maxzerbini/go-mssqldb/log.go:27.8,29.3 1 0
github.com/maxzerbini/go-mssqldb/mssql_go19.go:41.66,42.25 1 11
github.com/maxzerbini/go-mssqldb/mssql_go19.go:43.15,44.18 1 0
github.com/maxzerbini/go-mssqldb/mssql_go19.go:45.19,46.18 1 0
github.com/maxzerbini/go-mssqldb/mssql_go19.go:47.18,48.18 1 0
github.com/maxzerbini/go-mssqldb/mssql_go19.go:49.17,50.18 1 0
github.com/maxzerbini/go-mssqldb/mssql_go19.go:51.22,52.18 1 0
github.com/maxzerbini/go-mssqldb/mssql_go19.go:53.18,54.18 1 0
github.com/maxzerbini/go-mssqldb/mssql_go19.go:55.22,56.18 1 0
github.com/maxzerbini/go-mssqldb/mssql_go19.go:57.18,58.18 1 0
github.com/maxzerbini/go-mssqldb/mssql_go19.go:61.10,62.58 1 11
github.com/maxzerbini/go-mssqldb/mssql_go19.go:66.61,67.30 1 0
github.com/maxzerbini/go-mssqldb/mssql_go19.go:68.15,69.20 1 0
github.com/maxzerbini/go-mssqldb/mssql_go19.go:72.3,74.20 2 0
github.com/maxzerbini/go-mssqldb/mssql_go19.go:78.3,79.38 2 0
github.com/maxzerbini/go-mssqldb/mssql_go19.go:83.3,83.24 1 0
github.com/maxzerbini/go-mssqldb/mssql_go19.go:87.3,91.42 2 0
github.com/maxzerbini/go-mssqldb/mssql_go19.go:96.3,97.17 2 0
github.com/maxzerbini/go-mssqldb/mssql_go19.go:100.3,101.17 2 0
github.com/maxzerbini/go-mssqldb/mssql_go19.go:104.3,104.18 1 0
github.com/maxzerbini/go-mssqldb/mssql_go19.go:110.3,110.13 1 0
github.com/maxzerbini/go-mssqldb/mssql_go19.go:111.21,114.34 3 0
github.com/maxzerbini/go-mssqldb/mssql_go19.go:115.11,116.13 1 0
github.com/maxzerbini/go-mssqldb/mssql_go19.go:117.10,120.13 3 0
github.com/maxzerbini/go-mssqldb/mssql_go19.go:69.20,71.4 1 0
github.com/maxzerbini/go-mssqldb/mssql_go19.go:74.20,76.4 1 0
github.com/maxzerbini/go-mssqldb/mssql_go19.go:79.38,81.4 1 0
github.com/maxzerbini/go-mssqldb/mssql_go19.go:83.24,85.4 1 0
github.com/maxzerbini/go-mssqldb/mssql_go19.go:91.42,93.4 1 0
github.com/maxzerbini/go-mssqldb/mssql_go19.go:97.17,99.4 1 0
github.com/maxzerbini/go-mssqldb/mssql_go19.go:101.17,103.4 1 0
github.com/maxzerbini/go-mssqldb/mssql_go19.go:104.18,107.4 1 0
github.com/maxzerbini/go-mssqldb/mssql_go19.go:107.9,109.4 1 0
github.com/maxzerbini/go-mssqldb/mssql_go19.go:124.72,125.27 1 0
github.com/maxzerbini/go-mssqldb/mssql_go19.go:191.2,191.8 1 0
github.com/maxzerbini/go-mssqldb/mssql_go19.go:126.15,129.32 3 0
github.com/maxzerbini/go-mssqldb/mssql_go19.go:130.18,133.18 3 0
github.com/maxzerbini/go-mssqldb/mssql_go19.go:134.19,137.18 3 0
github.com/maxzerbini/go-mssqldb/mssql_go19.go:138.17,142.32 4 0
github.com/maxzerbini/go-mssqldb/mssql_go19.go:143.22,147.32 4 0
github.com/maxzerbini/go-mssqldb/mssql_go19.go:148.18,151.32 3 0
github.com/maxzerbini/go-mssqldb/mssql_go19.go:152.22,156.32 4 0
github.com/maxzerbini/go-mssqldb/mssql_go19.go:157.18,161.32 4 0
github.com/maxzerbini/go-mssqldb/mssql_go19.go:162.15,164.26 2 0
github.com/maxzerbini/go-mssqldb/mssql_go19.go:165.11,167.17 2 0
github.com/maxzerbini/go-mssqldb/mssql_go19.go:170.3,171.24 2 0
github.com/maxzerbini/go-mssqldb/mssql_go19.go:174.3,178.25 5 0
github.com/maxzerbini/go-mssqldb/mssql_go19.go:182.3,183.17 2 0
github.com/maxzerbini/go-mssqldb/mssql_go19.go:186.3,186.32 1 0
github.com/maxzerbini/go-mssqldb/mssql_go19.go:188.10,189.54 1 0
github.com/maxzerbini/go-mssqldb/mssql_go19.go:167.17,169.4 1 0
github.com/maxzerbini/go-mssqldb/mssql_go19.go:171.24,173.4 1 0
github.com/maxzerbini/go-mssqldb/mssql_go19.go:178.25,181.4 2 0
github.com/maxzerbini/go-mssqldb/mssql_go19.go:183.17,185.4 1 0
github.com/maxzerbini/go-mssqldb/mssql_go19.go:194.71,196.2 1 0
github.com/maxzerbini/go-mssqldb/parser.go:19.38,21.16 2 555
github.com/maxzerbini/go-mssqldb/parser.go:27.2,27.17 1 519
github.com/maxzerbini/go-mssqldb/parser.go:21.16,22.20 1 36
github.com/maxzerbini/go-mssqldb/parser.go:25.3,25.18 1 36
github.com/maxzerbini/go-mssqldb/parser.go:22.20,23.14 1 0
github.com/maxzerbini/go-mssqldb/parser.go:30.27,32.16 2 32
github.com/maxzerbini/go-mssqldb/parser.go:32.16,33.13 1 0
github.com/maxzerbini/go-mssqldb/parser.go:37.33,39.2 1 431
github.com/maxzerbini/go-mssqldb/parser.go:43.46,49.19 3 36
github.com/maxzerbini/go-mssqldb/parser.go:52.2,52.54 1 36
github.com/maxzerbini/go-mssqldb/parser.go:49.19,51.3 1 134
github.com/maxzerbini/go-mssqldb/parser.go:55.39,56.6 1 68
github.com/maxzerbini/go-mssqldb/parser.go:56.6,58.10 2 372
github.com/maxzerbini/go-mssqldb/parser.go:61.3,61.16 1 371
github.com/maxzerbini/go-mssqldb/parser.go:76.3,77.13 2 332
github.com/maxzerbini/go-mssqldb/parser.go:58.10,60.4 1 1
github.com/maxzerbini/go-mssqldb/parser.go:61.16,63.4 1 26
github.com/maxzerbini/go-mssqldb/parser.go:63.9,63.36 1 345
github.com/maxzerbini/go-mssqldb/parser.go:63.36,65.11 2 14
github.com/maxzerbini/go-mssqldb/parser.go:69.4,70.32 2 13
github.com/maxzerbini/go-mssqldb/parser.go:65.11,68.5 2 1
github.com/maxzerbini/go-mssqldb/parser.go:70.32,72.5 1 11
github.com/maxzerbini/go-mssqldb/parser.go:72.10,72.67 1 2
github.com/maxzerbini/go-mssqldb/parser.go:72.67,74.5 1 1
github.com/maxzerbini/go-mssqldb/parser.go:78.13,79.21 1 5
github.com/maxzerbini/go-mssqldb/parser.go:80.12,81.27 1 5
github.com/maxzerbini/go-mssqldb/parser.go:82.12,83.23 1 5
github.com/maxzerbini/go-mssqldb/parser.go:84.12,85.27 1 4
github.com/maxzerbini/go-mssqldb/parser.go:86.12,87.23 1 9
github.com/maxzerbini/go-mssqldb/parser.go:92.49,95.6 3 37
github.com/maxzerbini/go-mssqldb/parser.go:104.2,104.8 1 37
github.com/maxzerbini/go-mssqldb/parser.go:107.2,107.17 1 37
github.com/maxzerbini/go-mssqldb/parser.go:111.2,111.25 1 37
github.com/maxzerbini/go-mssqldb/parser.go:114.2,116.9 3 37
github.com/maxzerbini/go-mssqldb/parser.go:119.2,119.20 1 14
github.com/maxzerbini/go-mssqldb/parser.go:95.6,98.35 3 54
github.com/maxzerbini/go-mssqldb/parser.go:98.35,100.4 1 17
github.com/maxzerbini/go-mssqldb/parser.go:100.9,101.9 1 37
github.com/maxzerbini/go-mssqldb/parser.go:104.8,106.3 1 14
github.com/maxzerbini/go-mssqldb/parser.go:107.17,110.3 2 21
github.com/maxzerbini/go-mssqldb/parser.go:111.25,113.3 1 34
github.com/maxzerbini/go-mssqldb/parser.go:116.9,118.3 1 23
github.com/maxzerbini/go-mssqldb/parser.go:122.47,125.6 3 1
github.com/maxzerbini/go-mssqldb/parser.go:134.2,134.8 1 1
github.com/maxzerbini/go-mssqldb/parser.go:137.2,140.9 4 1
github.com/maxzerbini/go-mssqldb/parser.go:143.2,143.20 1 0
github.com/maxzerbini/go-mssqldb/parser.go:125.6,128.89 3 2
github.com/maxzerbini/go-mssqldb/parser.go:128.89,130.4 1 1
github.com/maxzerbini/go-mssqldb/parser.go:130.9,131.9 1 1
github.com/maxzerbini/go-mssqldb/parser.go:134.8,136.3 1 0
github.com/maxzerbini/go-mssqldb/parser.go:140.9,142.3 1 1
github.com/maxzerbini/go-mssqldb/parser.go:146.38,147.6 1 5
github.com/maxzerbini/go-mssqldb/parser.go:147.6,149.10 2 15
github.com/maxzerbini/go-mssqldb/parser.go:152.3,153.17 2 14
github.com/maxzerbini/go-mssqldb/parser.go:149.10,151.4 1 1
github.com/maxzerbini/go-mssqldb/parser.go:153.17,155.4 1 4
github.com/maxzerbini/go-mssqldb/parser.go:159.44,160.6 1 5
github.com/maxzerbini/go-mssqldb/parser.go:160.6,162.10 2 15
github.com/maxzerbini/go-mssqldb/parser.go:165.3,166.16 2 14
github.com/maxzerbini/go-mssqldb/parser.go:162.10,164.4 1 1
github.com/maxzerbini/go-mssqldb/parser.go:166.16,168.4 1 4
github.com/maxzerbini/go-mssqldb/parser.go:172.40,173.6 1 5
github.com/maxzerbini/go-mssqldb/parser.go:173.6,175.10 2 16
github.com/maxzerbini/go-mssqldb/parser.go:178.3,179.16 2 15
github.com/maxzerbini/go-mssqldb/parser.go:175.10,177.4 1 1
github.com/maxzerbini/go-mssqldb/parser.go:179.16,181.11 2 5
github.com/maxzerbini/go-mssqldb/parser.go:184.4,184.17 1 4
github.com/maxzerbini/go-mssqldb/parser.go:188.4,188.15 1 1
github.com/maxzerbini/go-mssqldb/parser.go:181.11,183.5 1 1
github.com/maxzerbini/go-mssqldb/parser.go:184.17,187.5 2 3
github.com/maxzerbini/go-mssqldb/parser.go:193.44,195.9 2 4
github.com/maxzerbini/go-mssqldb/parser.go:198.2,198.15 1 3
github.com/maxzerbini/go-mssqldb/parser.go:202.2,203.6 2 2
github.com/maxzerbini/go-mssqldb/parser.go:195.9,197.3 1 1
github.com/maxzerbini/go-mssqldb/parser.go:198.15,201.3 2 1
github.com/maxzerbini/go-mssqldb/parser.go:203.6,205.10 2 6
github.com/maxzerbini/go-mssqldb/parser.go:208.3,209.17 2 5
github.com/maxzerbini/go-mssqldb/parser.go:205.10,207.4 1 1
github.com/maxzerbini/go-mssqldb/parser.go:209.17,211.4 1 1
github.com/maxzerbini/go-mssqldb/parser.go:215.40,218.9 3 9
github.com/maxzerbini/go-mssqldb/parser.go:221.2,221.15 1 8
github.com/maxzerbini/go-mssqldb/parser.go:225.2,226.6 2 7
github.com/maxzerbini/go-mssqldb/parser.go:218.9,220.3 1 1
github.com/maxzerbini/go-mssqldb/parser.go:221.15,224.3 2 1
github.com/maxzerbini/go-mssqldb/parser.go:226.6,228.10 2 32
github.com/maxzerbini/go-mssqldb/parser.go:231.3,232.17 2 31
github.com/maxzerbini/go-mssqldb/parser.go:246.3,246.17 1 26
github.com/maxzerbini/go-mssqldb/parser.go:228.10,230.4 1 1
github.com/maxzerbini/go-mssqldb/parser.go:232.17,234.11 2 7
github.com/maxzerbini/go-mssqldb/parser.go:237.4,238.17 2 6
github.com/maxzerbini/go-mssqldb/parser.go:234.11,236.5 1 1
github.com/maxzerbini/go-mssqldb/parser.go:238.17,239.20 1 5
github.com/maxzerbini/go-mssqldb/parser.go:239.20,241.6 1 4
github.com/maxzerbini/go-mssqldb/parser.go:241.11,243.6 1 1
github.com/maxzerbini/go-mssqldb/parser.go:246.17,248.11 2 4
github.com/maxzerbini/go-mssqldb/parser.go:251.4,252.17 2 3
github.com/maxzerbini/go-mssqldb/parser.go:248.11,250.5 1 1
github.com/maxzerbini/go-mssqldb/parser.go:252.17,254.5 1 1
github.com/maxzerbini/go-mssqldb/tds.go:24.62,26.33 2 0
github.com/maxzerbini/go-mssqldb/tds.go:50.2,50.16 1 0
github.com/maxzerbini/go-mssqldb/tds.go:26.33,32.32 6 0
github.com/maxzerbini/go-mssqldb/tds.go:32.32,33.16 1 0
github.com/maxzerbini/go-mssqldb/tds.go:33.16,36.5 2 0
github.com/maxzerbini/go-mssqldb/tds.go:36.10,38.23 2 0
github.com/maxzerbini/go-mssqldb/tds.go:46.5,46.20 1 0
[...]
github.com/maxzerbini/go-mssqldb/mssql.go:475.3,475.80 1 0
github.com/maxzerbini/go-mssqldb/mssql.go:460.22,463.18 3 0
github.com/maxzerbini/go-mssqldb/mssql.go:463.18,465.5 1 0
github.com/maxzerbini/go-mssqldb/mssql.go:466.9,469.18 3 0
github.com/maxzerbini/go-mssqldb/mssql.go:472.4,473.54 2 0
github.com/maxzerbini/go-mssqldb/mssql.go:469.18,471.5 1 0
github.com/maxzerbini/go-mssqldb/mssql.go:475.80,476.41 1 0
github.com/maxzerbini/go-mssqldb/mssql.go:479.4,480.52 2 0
github.com/maxzerbini/go-mssqldb/mssql.go:476.41,478.5 1 0
github.com/maxzerbini/go-mssqldb/mssql.go:488.28,489.17 1 24
github.com/maxzerbini/go-mssqldb/mssql.go:492.2,499.22 4 24
github.com/maxzerbini/go-mssqldb/mssql.go:537.2,537.13 1 20
github.com/maxzerbini/go-mssqldb/mssql.go:489.17,491.3 1 0
github.com/maxzerbini/go-mssqldb/mssql.go:499.22,502.12 3 196
github.com/maxzerbini/go-mssqldb/mssql.go:507.3,507.13 1 194
github.com/maxzerbini/go-mssqldb/mssql.go:504.30,505.16 1 2
github.com/maxzerbini/go-mssqldb/mssql.go:508.16,509.11 1 51
github.com/maxzerbini/go-mssqldb/mssql.go:521.13,522.11 1 66
github.com/maxzerbini/go-mssqldb/mssql.go:529.16,530.11 1 77
github.com/maxzerbini/go-mssqldb/mssql.go:510.28,511.17 1 0
github.com/maxzerbini/go-mssqldb/mssql.go:512.18,514.13 2 14
github.com/maxzerbini/go-mssqldb/mssql.go:515.34,517.13 2 0
github.com/maxzerbini/go-mssqldb/mssql.go:518.29,519.14 1 17
github.com/maxzerbini/go-mssqldb/mssql.go:523.18,525.13 2 3
github.com/maxzerbini/go-mssqldb/mssql.go:526.28,527.17 1 2
github.com/maxzerbini/go-mssqldb/mssql.go:531.18,533.13 2 12
github.com/maxzerbini/go-mssqldb/mssql.go:540.88,544.27 4 0
github.com/maxzerbini/go-mssqldb/mssql.go:558.2,558.27 1 0
github.com/maxzerbini/go-mssqldb/mssql.go:544.27,546.17 2 0
github.com/maxzerbini/go-mssqldb/mssql.go:549.3,550.24 2 0
github.com/maxzerbini/go-mssqldb/mssql.go:555.3,556.71 2 0
github.com/maxzerbini/go-mssqldb/mssql.go:546.17,548.4 1 0
github.com/maxzerbini/go-mssqldb/mssql.go:550.24,552.4 1 0
github.com/maxzerbini/go-mssqldb/mssql.go:552.9,554.4 1 0
github.com/maxzerbini/go-mssqldb/mssql.go:567.55,569.25 2 0
github.com/maxzerbini/go-mssqldb/mssql.go:575.2,575.13 1 0
github.com/maxzerbini/go-mssqldb/mssql.go:569.25,574.3 1 0
github.com/maxzerbini/go-mssqldb/mssql.go:578.64,580.2 1 0
github.com/maxzerbini/go-mssqldb/mssql.go:582.99,583.25 1 0
github.com/maxzerbini/go-mssqldb/mssql.go:586.2,586.41 1 0
github.com/maxzerbini/go-mssqldb/mssql.go:589.2,589.36 1 0
github.com/maxzerbini/go-mssqldb/mssql.go:583.25,585.3 1 0
github.com/maxzerbini/go-mssqldb/mssql.go:586.41,588.3 1 0
github.com/maxzerbini/go-mssqldb/mssql.go:592.87,601.9 7 0
github.com/maxzerbini/go-mssqldb/mssql.go:625.2,626.8 2 0
github.com/maxzerbini/go-mssqldb/mssql.go:601.9,604.30 3 0
github.com/maxzerbini/go-mssqldb/mssql.go:612.23,614.14 2 0
github.com/maxzerbini/go-mssqldb/mssql.go:615.19,616.23 1 0
github.com/maxzerbini/go-mssqldb/mssql.go:619.21,620.30 1 0
github.com/maxzerbini/go-mssqldb/mssql.go:621.14,622.39 1 0
github.com/maxzerbini/go-mssqldb/mssql.go:616.23,618.5 1 0
github.com/maxzerbini/go-mssqldb/mssql.go:629.65,631.2 1 0
github.com/maxzerbini/go-mssqldb/mssql.go:633.92,634.25 1 0
github.com/maxzerbini/go-mssqldb/mssql.go:637.2,637.41 1 0
github.com/maxzerbini/go-mssqldb/mssql.go:640.2,640.47 1 0
github.com/maxzerbini/go-mssqldb/mssql.go:643.2,643.8 1 0
github.com/maxzerbini/go-mssqldb/mssql.go:634.25,636.3 1 0
github.com/maxzerbini/go-mssqldb/mssql.go:637.41,639.3 1 0
github.com/maxzerbini/go-mssqldb/mssql.go:640.47,642.3 1 0
github.com/maxzerbini/go-mssqldb/mssql.go:646.80,652.9 6 0
github.com/maxzerbini/go-mssqldb/mssql.go:673.2,673.36 1 0
github.com/maxzerbini/go-mssqldb/mssql.go:652.9,655.30 3 0
github.com/maxzerbini/go-mssqldb/mssql.go:656.25,657.35 1 0
github.com/maxzerbini/go-mssqldb/mssql.go:660.19,661.35 1 0
github.com/maxzerbini/go-mssqldb/mssql.go:664.4,664.23 1 0
github.com/maxzerbini/go-mssqldb/mssql.go:667.21,668.30 1 0
github.com/maxzerbini/go-mssqldb/mssql.go:669.14,670.21 1 0
github.com/maxzerbini/go-mssqldb/mssql.go:657.35,659.5 1 0
github.com/maxzerbini/go-mssqldb/mssql.go:661.35,663.5 1 0
github.com/maxzerbini/go-mssqldb/mssql.go:664.23,666.5 1 0
github.com/maxzerbini/go-mssqldb/mssql.go:686.31,689.9 3 0
github.com/maxzerbini/go-mssqldb/mssql.go:692.2,693.12 2 0
github.com/maxzerbini/go-mssqldb/mssql.go:689.9,691.3 1 0
github.com/maxzerbini/go-mssqldb/mssql.go:696.42,698.30 2 0
github.com/maxzerbini/go-mssqldb/mssql.go:701.2,701.8 1 0
github.com/maxzerbini/go-mssqldb/mssql.go:698.30,700.3 1 0
github.com/maxzerbini/go-mssqldb/mssql.go:704.49,705.31 1 0
github.com/maxzerbini/go-mssqldb/mssql.go:708.2,708.24 1 0
github.com/maxzerbini/go-mssqldb/mssql.go:711.2,712.9 2 0
github.com/maxzerbini/go-mssqldb/mssql.go:732.2,732.15 1 0
github.com/maxzerbini/go-mssqldb/mssql.go:705.31,707.3 1 0
github.com/maxzerbini/go-mssqldb/mssql.go:708.24,710.3 1 0
github.com/maxzerbini/go-mssqldb/mssql.go:712.9,715.32 3 0
github.com/maxzerbini/go-mssqldb/mssql.go:716.23,718.17 2 0
github.com/maxzerbini/go-mssqldb/mssql.go:719.22,720.24 1 0
github.com/maxzerbini/go-mssqldb/mssql.go:723.4,723.14 1 0
github.com/maxzerbini/go-mssqldb/mssql.go:724.19,725.25 1 0
github.com/maxzerbini/go-mssqldb/mssql.go:728.14,729.42 1 0
github.com/maxzerbini/go-mssqldb/mssql.go:720.24,722.5 1 0
github.com/maxzerbini/go-mssqldb/mssql.go:725.25,727.5 1 0
github.com/maxzerbini/go-mssqldb/mssql.go:735.41,737.2 1 0
github.com/maxzerbini/go-mssqldb/mssql.go:739.39,742.20 3 0
github.com/maxzerbini/go-mssqldb/mssql.go:745.2,745.12 1 0
github.com/maxzerbini/go-mssqldb/mssql.go:742.20,744.3 1 0
github.com/maxzerbini/go-mssqldb/mssql.go:751.59,753.2 1 0
github.com/maxzerbini/go-mssqldb/mssql.go:760.61,762.2 1 0
github.com/maxzerbini/go-mssqldb/mssql.go:775.58,777.2 1 0
github.com/maxzerbini/go-mssqldb/mssql.go:785.73,787.2 1 0
github.com/maxzerbini/go-mssqldb/mssql.go:793.66,797.2 3 0
github.com/maxzerbini/go-mssqldb/mssql.go:799.43,804.2 4 2
github.com/maxzerbini/go-mssqldb/mssql.go:806.67,807.16 1 8
github.com/maxzerbini/go-mssqldb/mssql.go:813.2,813.27 1 8
github.com/maxzerbini/go-mssqldb/mssql.go:874.2,874.8 1 8
github.com/maxzerbini/go-mssqldb/mssql.go:807.16,812.3 4 0
github.com/maxzerbini/go-mssqldb/mssql.go:814.13,818.57 4 3
github.com/maxzerbini/go-mssqldb/mssql.go:819.21,823.24 3 0
github.com/maxzerbini/go-mssqldb/mssql.go:825.15,829.67 4 0
github.com/maxzerbini/go-mssqldb/mssql.go:830.23,834.24 3 0
github.com/maxzerbini/go-mssqldb/mssql.go:836.14,839.19 3 1
github.com/maxzerbini/go-mssqldb/mssql.go:840.14,841.26 1 2
github.com/maxzerbini/go-mssqldb/mssql.go:842.22,846.21 3 0
github.com/maxzerbini/go-mssqldb/mssql.go:847.12,851.10 4 0
github.com/maxzerbini/go-mssqldb/mssql.go:854.20,858.24 3 0
github.com/maxzerbini/go-mssqldb/mssql.go:860.17,861.47 1 2
github.com/maxzerbini/go-mssqldb/mssql.go:871.10,872.31 1 0
github.com/maxzerbini/go-mssqldb/mssql.go:851.10,853.4 1 0
github.com/maxzerbini/go-mssqldb/mssql.go:861.47,866.4 4 2
github.com/maxzerbini/go-mssqldb/mssql.go:866.9,870.4 3 0
github.com/maxzerbini/go-mssqldb/mssql.go:882.48,884.2 1 0
github.com/maxzerbini/go-mssqldb/mssql.go:886.48,888.16 2 0
github.com/maxzerbini/go-mssqldb/mssql.go:891.2,893.16 3 0
github.com/maxzerbini/go-mssqldb/mssql.go:896.2,899.16 4 0
github.com/maxzerbini/go-mssqldb/mssql.go:902.2,902.20 1 0
github.com/maxzerbini/go-mssqldb/mssql.go:905.2,906.26 2 0
github.com/maxzerbini/go-mssqldb/mssql.go:888.16,890.3 1 0
github.com/maxzerbini/go-mssqldb/mssql.go:893.16,895.3 1 0
github.com/maxzerbini/go-mssqldb/mssql.go:899.16,901.3 1 0
github.com/maxzerbini/go-mssqldb/mssql.go:902.20,904.3 1 0
github.com/maxzerbini/go-mssqldb/mssql.go:912.48,913.23 1 0
github.com/maxzerbini/go-mssqldb/mssql.go:916.2,918.12 3 0
github.com/maxzerbini/go-mssqldb/mssql.go:913.23,915.3 1 0
github.com/maxzerbini/go-mssqldb/mssql.go:924.87,925.23 1 0
github.com/maxzerbini/go-mssqldb/mssql.go:928.2,928.19 1 0
github.com/maxzerbini/go-mssqldb/mssql.go:932.2,933.44 2 0
github.com/maxzerbini/go-mssqldb/mssql.go:953.2,953.35 1 0
github.com/maxzerbini/go-mssqldb/mssql.go:925.23,927.3 1 0
github.com/maxzerbini/go-mssqldb/mssql.go:928.19,930.3 1 0
github.com/maxzerbini/go-mssqldb/mssql.go:934.24,935.37 1 0
github.com/maxzerbini/go-mssqldb/mssql.go:936.32,937.41 1 0
github.com/maxzerbini/go-mssqldb/mssql.go:938.30,939.39 1 0
github.com/maxzerbini/go-mssqldb/mssql.go:940.31,941.81 1 0
github.com/maxzerbini/go-mssqldb/mssql.go:942.31,943.41 1 0
github.com/maxzerbini/go-mssqldb/mssql.go:944.25,945.35 1 0
github.com/maxzerbini/go-mssqldb/mssql.go:946.29,947.39 1 0
github.com/maxzerbini/go-mssqldb/mssql.go:948.29,949.79 1 0
github.com/maxzerbini/go-mssqldb/mssql.go:950.10,951.72 1 0
github.com/maxzerbini/go-mssqldb/mssql.go:956.87,957.23 1 0
github.com/maxzerbini/go-mssqldb/mssql.go:960.2,960.68 1 0
github.com/maxzerbini/go-mssqldb/mssql.go:964.2,964.37 1 0
github.com/maxzerbini/go-mssqldb/mssql.go:957.23,959.3 1 0
github.com/maxzerbini/go-mssqldb/mssql.go:960.68,962.3 1 0
github.com/maxzerbini/go-mssqldb/mssql.go:967.97,968.25 1 0
github.com/maxzerbini/go-mssqldb/mssql.go:971.2,972.26 2 0
github.com/maxzerbini/go-mssqldb/mssql.go:975.2,975.34 1 0
github.com/maxzerbini/go-mssqldb/mssql.go:968.25,970.3 1 0
github.com/maxzerbini/go-mssqldb/mssql.go:972.26,974.3 1 0
github.com/maxzerbini/go-mssqldb/mssql.go:978.98,979.25 1 0
github.com/maxzerbini/go-mssqldb/mssql.go:982.2,983.26 2 0
github.com/maxzerbini/go-mssqldb/mssql.go:986.2,986.26 1 0
github.com/maxzerbini/go-mssqldb/mssql.go:979.25,981.3 1 0
github.com/maxzerbini/go-mssqldb/mssql.go:983.26,985.3 1 0
github.com/maxzerbini/go-mssqldb/net.go:17.72,22.2 1 0
github.com/maxzerbini/go-mssqldb/net.go:24.57,25.18 1 0
github.com/maxzerbini/go-mssqldb/net.go:51.2,51.19 1 0
github.com/maxzerbini/go-mssqldb/net.go:57.2,57.20 1 0
github.com/maxzerbini/go-mssqldb/net.go:25.18,26.22 1 0
github.com/maxzerbini/go-mssqldb/net.go:35.3,35.22 1 0
github.com/maxzerbini/go-mssqldb/net.go:48.3,49.9 2 0
github.com/maxzerbini/go-mssqldb/net.go:26.22,29.18 3 0
github.com/maxzerbini/go-mssqldb/net.go:33.4,33.26 1 0
github.com/maxzerbini/go-mssqldb/net.go:29.18,32.5 2 0
github.com/maxzerbini/go-mssqldb/net.go:35.22,38.18 3 0
github.com/maxzerbini/go-mssqldb/net.go:42.4,42.30 1 0
github.com/maxzerbini/go-mssqldb/net.go:46.4,46.25 1 0
github.com/maxzerbini/go-mssqldb/net.go:38.18,41.5 2 0
github.com/maxzerbini/go-mssqldb/net.go:42.30,45.5 2 0
github.com/maxzerbini/go-mssqldb/net.go:51.19,53.17 2 0
github.com/maxzerbini/go-mssqldb/net.go:53.17,55.4 1 0
github.com/maxzerbini/go-mssqldb/net.go:60.58,61.18 1 0
github.com/maxzerbini/go-mssqldb/net.go:72.2,72.19 1 0
github.com/maxzerbini/go-mssqldb/net.go:78.2,78.21 1 0
github.com/maxzerbini/go-mssqldb/net.go:61.18,62.23 1 0
github.com/maxzerbini/go-mssqldb/net.go:66.3,67.17 2 0
github.com/maxzerbini/go-mssqldb/net.go:70.3,70.9 1 0
github.com/maxzerbini/go-mssqldb/net.go:62.23,65.4 2 0
github.com/maxzerbini/go-mssqldb/net.go:67.17,69.4 1 0
github.com/maxzerbini/go-mssqldb/net.go:72.19,74.17 2 0
github.com/maxzerbini/go-mssqldb/net.go:74.17,76.4 1 0
github.com/maxzerbini/go-mssqldb/net.go:81.36,83.2 1 0
github.com/maxzerbini/go-mssqldb/net.go:85.43,87.2 1 0
github.com/maxzerbini/go-mssqldb/net.go:89.44,91.2 1 0
github.com/maxzerbini/go-mssqldb/net.go:93.53,94.26 1 0
github.com/maxzerbini/go-mssqldb/net.go:97.57,98.26 1 0
github.com/maxzerbini/go-mssqldb/net.go:101.58,102.26 1 0
github.com/maxzerbini/go-mssqldb/convert.go:31.49,33.25 1 0
github.com/maxzerbini/go-mssqldb/convert.go:126.2,128.26 2 0
github.com/maxzerbini/go-mssqldb/convert.go:162.2,162.43 1 0
github.com/maxzerbini/go-mssqldb/convert.go:166.2,167.31 2 0
github.com/maxzerbini/go-mssqldb/convert.go:170.2,170.17 1 0
github.com/maxzerbini/go-mssqldb/convert.go:174.2,174.19 1 0
github.com/maxzerbini/go-mssqldb/convert.go:178.2,179.55 2 0
github.com/maxzerbini/go-mssqldb/convert.go:189.2,189.66 1 0
github.com/maxzerbini/go-mssqldb/convert.go:199.2,199.19 1 0
github.com/maxzerbini/go-mssqldb/convert.go:246.2,246.93 1 0
github.com/maxzerbini/go-mssqldb/convert.go:34.14,35.27 1 0
github.com/maxzerbini/go-mssqldb/convert.go:55.14,56.27 1 0
github.com/maxzerbini/go-mssqldb/convert.go:82.17,83.27 1 0
github.com/maxzerbini/go-mssqldb/convert.go:103.11,104.27 1 0
github.com/maxzerbini/go-mssqldb/convert.go:36.16,37.16 1 0
github.com/maxzerbini/go-mssqldb/convert.go:40.4,41.14 2 0
github.com/maxzerbini/go-mssqldb/convert.go:42.16,43.16 1 0
github.com/maxzerbini/go-mssqldb/convert.go:46.4,47.14 2 0
github.com/maxzerbini/go-mssqldb/convert.go:48.22,49.16 1 0
github.com/maxzerbini/go-mssqldb/convert.go:52.4,53.14 2 0
github.com/maxzerbini/go-mssqldb/convert.go:37.16,39.5 1 0
github.com/maxzerbini/go-mssqldb/convert.go:43.16,45.5 1 0
github.com/maxzerbini/go-mssqldb/convert.go:49.16,51.5 1 0
github.com/maxzerbini/go-mssqldb/convert.go:57.16,58.16 1 0
github.com/maxzerbini/go-mssqldb/convert.go:61.4,62.14 2 0
github.com/maxzerbini/go-mssqldb/convert.go:63.21,64.16 1 0
github.com/maxzerbini/go-mssqldb/convert.go:67.4,68.14 2 0
github.com/maxzerbini/go-mssqldb/convert.go:69.16,70.16 1 0
github.com/maxzerbini/go-mssqldb/convert.go:73.4,74.14 2 0
github.com/maxzerbini/go-mssqldb/convert.go:75.22,76.16 1 0
github.com/maxzerbini/go-mssqldb/convert.go:79.4,80.14 2 0
github.com/maxzerbini/go-mssqldb/convert.go:58.16,60.5 1 0
github.com/maxzerbini/go-mssqldb/convert.go:64.16,66.5 1 0
github.com/maxzerbini/go-mssqldb/convert.go:70.16,72.5 1 0
github.com/maxzerbini/go-mssqldb/convert.go:76.16,78.5 1 0
github.com/maxzerbini/go-mssqldb/convert.go:84.19,86.14 2 0
github.com/maxzerbini/go-mssqldb/convert.go:87.16,89.14 2 0
github.com/maxzerbini/go-mssqldb/convert.go:90.16,91.16 1 0
github.com/maxzerbini/go-mssqldb/convert.go:94.4,95.14 2 0
github.com/maxzerbini/go-mssqldb/convert.go:96.22,97.16 1 0
github.com/maxzerbini/go-mssqldb/convert.go:100.4,101.14 2 0
github.com/maxzerbini/go-mssqldb/convert.go:91.16,93.5 1 0
github.com/maxzerbini/go-mssqldb/convert.go:97.16,99.5 1 0
github.com/maxzerbini/go-mssqldb/convert.go:105.21,106.16 1 0
github.com/maxzerbini/go-mssqldb/convert.go:109.4,110.14 2 0
github.com/maxzerbini/go-mssqldb/convert.go:111.16,112.16 1 0
github.com/maxzerbini/go-mssqldb/convert.go:115.4,116.14 2 0
github.com/maxzerbini/go-mssqldb/convert.go:117.22,118.16 1 0
github.com/maxzerbini/go-mssqldb/convert.go:121.4,122.14 2 0
github.com/maxzerbini/go-mssqldb/convert.go:106.16,108.5 1 0
github.com/maxzerbini/go-mssqldb/convert.go:112.16,114.5 1 0
github.com/maxzerbini/go-mssqldb/convert.go:118.16,120.5 1 0
github.com/maxzerbini/go-mssqldb/convert.go:129.15,131.20 2 0
github.com/maxzerbini/go-mssqldb/convert.go:139.15,141.36 2 0
github.com/maxzerbini/go-mssqldb/convert.go:145.21,147.47 2 0
github.com/maxzerbini/go-mssqldb/convert.go:151.13,153.17 2 0
github.com/maxzerbini/go-mssqldb/convert.go:156.3,156.13 1 0
github.com/maxzerbini/go-mssqldb/convert.go:157.20,159.13 2 0
github.com/maxzerbini/go-mssqldb/convert.go:135.37,137.14 2 0
github.com/maxzerbini/go-mssqldb/convert.go:141.36,144.4 2 0
github.com/maxzerbini/go-mssqldb/convert.go:147.47,150.4 2 0
github.com/maxzerbini/go-mssqldb/convert.go:153.17,155.4 1 0
github.com/maxzerbini/go-mssqldb/convert.go:162.43,164.3 1 0
github.com/maxzerbini/go-mssqldb/convert.go:167.31,169.3 1 0
github.com/maxzerbini/go-mssqldb/convert.go:170.17,172.3 1 0
github.com/maxzerbini/go-mssqldb/convert.go:174.19,176.3 1 0
github.com/maxzerbini/go-mssqldb/convert.go:179.55,180.26 1 0
github.com/maxzerbini/go-mssqldb/convert.go:186.3,186.13 1 0
github.com/maxzerbini/go-mssqldb/convert.go:181.15,182.42 1 0
github.com/maxzerbini/go-mssqldb/convert.go:183.11,184.14 1 0
github.com/maxzerbini/go-mssqldb/convert.go:189.66,192.3 2 0
github.com/maxzerbini/go-mssqldb/convert.go:200.19,201.17 1 0
github.com/maxzerbini/go-mssqldb/convert.go:208.78,211.17 3 0
github.com/maxzerbini/go-mssqldb/convert.go:215.3,216.13 2 0
github.com/maxzerbini/go-mssqldb/convert.go:217.83,220.17 3 0
github.com/maxzerbini/go-mssqldb/convert.go:224.3,225.13 2 0
github.com/maxzerbini/go-mssqldb/convert.go:226.40,229.17 3 0
github.com/maxzerbini/go-mssqldb/convert.go:233.3,234.13 2 0
github.com/maxzerbini/go-mssqldb/convert.go:235.22,236.26 1 0
github.com/maxzerbini/go-mssqldb/convert.go:201.17,204.4 2 0
github.com/maxzerbini/go-mssqldb/convert.go:204.9,207.4 2 0
github.com/maxzerbini/go-mssqldb/convert.go:211.17,214.4 2 0
github.com/maxzerbini/go-mssqldb/convert.go:220.17,223.4 2 0
github.com/maxzerbini/go-mssqldb/convert.go:229.17,232.4 2 0
github.com/maxzerbini/go-mssqldb/convert.go:237.15,239.14 2 0
github.com/maxzerbini/go-mssqldb/convert.go:240.15,242.14 2 0
github.com/maxzerbini/go-mssqldb/convert.go:249.34,250.43 1 0
github.com/maxzerbini/go-mssqldb/convert.go:253.2,253.12 1 0
github.com/maxzerbini/go-mssqldb/convert.go:250.43,252.3 1 0
github.com/maxzerbini/go-mssqldb/convert.go:256.34,257.14 1 0
github.com/maxzerbini/go-mssqldb/convert.go:257.14,259.3 1 0
github.com/maxzerbini/go-mssqldb/convert.go:259.8,263.3 3 0
github.com/maxzerbini/go-mssqldb/convert.go:266.39,267.25 1 0
github.com/maxzerbini/go-mssqldb/convert.go:273.2,274.19 2 0
github.com/maxzerbini/go-mssqldb/convert.go:286.2,286.31 1 0
github.com/maxzerbini/go-mssqldb/convert.go:268.14,269.11 1 0
github.com/maxzerbini/go-mssqldb/convert.go:270.14,271.19 1 0
github.com/maxzerbini/go-mssqldb/convert.go:275.78,276.41 1 0
github.com/maxzerbini/go-mssqldb/convert.go:277.83,278.43 1 0
github.com/maxzerbini/go-mssqldb/convert.go:279.23,280.54 1 0
github.com/maxzerbini/go-mssqldb/convert.go:281.23,282.54 1 0
github.com/maxzerbini/go-mssqldb/convert.go:283.20,284.39 1 0
github.com/maxzerbini/go-mssqldb/convert.go:289.64,290.19 1 0
github.com/maxzerbini/go-mssqldb/convert.go:305.2,305.8 1 0
github.com/maxzerbini/go-mssqldb/convert.go:291.78,292.52 1 0
github.com/maxzerbini/go-mssqldb/convert.go:293.83,294.54 1 0
github.com/maxzerbini/go-mssqldb/convert.go:295.23,296.65 1 0
github.com/maxzerbini/go-mssqldb/convert.go:297.23,298.65 1 0
github.com/maxzerbini/go-mssqldb/convert.go:299.20,300.50 1 0
github.com/maxzerbini/go-mssqldb/convert.go:301.22,303.33 2 0
github.com/maxzerbini/go-mssqldb/mssql_go110.go:13.56,14.23 1 0
github.com/maxzerbini/go-mssqldb/mssql_go110.go:17.2,19.64 2 0
github.com/maxzerbini/go-mssqldb/mssql_go110.go:23.2,24.16 2 0
github.com/maxzerbini/go-mssqldb/mssql_go110.go:27.2,28.16 2 0
github.com/maxzerbini/go-mssqldb/mssql_go110.go:32.2,32.12 1 0
github.com/maxzerbini/go-mssqldb/mssql_go110.go:14.23,16.3 1 0
github.com/maxzerbini/go-mssqldb/mssql_go110.go:19.64,21.3 1 0
github.com/maxzerbini/go-mssqldb/mssql_go110.go:24.16,26.3 1 0
github.com/maxzerbini/go-mssqldb/mssql_go110.go:28.16,30.3 1 0
github.com/maxzerbini/go-mssqldb/mssql_go110.go:36.71,38.16 2 0
github.com/maxzerbini/go-mssqldb/mssql_go110.go:41.2,41.18 1 0
github.com/maxzerbini/go-mssqldb/mssql_go110.go:38.16,40.3 1 0
github.com/maxzerbini/go-mssqldb/mssql_go110.go:45.44,47.2 1 0
github.com/maxzerbini/go-mssqldb/rpc.go:49.128,52.25 3 0
github.com/maxzerbini/go-mssqldb/rpc.go:68.2,69.16 2 0
github.com/maxzerbini/go-mssqldb/rpc.go:72.2,72.31 1 0
github.com/maxzerbini/go-mssqldb/rpc.go:88.2,88.27 1 0
github.com/maxzerbini/go-mssqldb/rpc.go:52.25,55.17 3 0
github.com/maxzerbini/go-mssqldb/rpc.go:58.3,59.17 2 0
github.com/maxzerbini/go-mssqldb/rpc.go:55.17,57.4 1 0
github.com/maxzerbini/go-mssqldb/rpc.go:59.17,61.4 1 0
github.com/maxzerbini/go-mssqldb/rpc.go:62.8,64.17 2 0
github.com/maxzerbini/go-mssqldb/rpc.go:64.17,66.4 1 0
github.com/maxzerbini/go-mssqldb/rpc.go:69.16,71.3 1 0
github.com/maxzerbini/go-mssqldb/rpc.go:72.31,73.55 1 0
github.com/maxzerbini/go-mssqldb/rpc.go:76.3,76.76 1 0
github.com/maxzerbini/go-mssqldb/rpc.go:79.3,80.17 2 0
github.com/maxzerbini/go-mssqldb/rpc.go:83.3,84.17 2 0
github.com/maxzerbini/go-mssqldb/rpc.go:73.55,75.4 1 0
github.com/maxzerbini/go-mssqldb/rpc.go:76.76,78.4 1 0
github.com/maxzerbini/go-mssqldb/rpc.go:80.17,82.4 1 0
github.com/maxzerbini/go-mssqldb/rpc.go:84.17,86.4 1 0
